unload bsc/commands (PATH, MANPATH) 
unload CUDA/9.1 (PATH, MANPATH, LD_LIBRARY_PATH, LIBRARY_PATH, C_INCLUDE_PATH,
CPLUS_INCLUDE_PATH, CUDA_HOME, CUDA_VERSION, CUDA_INC, CUDA_INSTALL_PATH) 
unload OPENMPI/3.0.0 (PATH, MANPATH, LD_LIBRARY_PATH, LIBRARY_PATH,
PKG_CONFIG_PATH, C_INCLUDE_PATH, CPLUS_INCLUDE_PATH, MPI, MPI_V) 
unload GCC/6.4.0 (PATH, MANPATH, INFOPATH, LD_LIBRARY_PATH, LIBRARY_PATH,
C_INCLUDE_PATH, CPLUS_INCLUDE_PATH, STD COMP VARS) 
load GCC/8.3.0 (PATH, MANPATH, INFOPATH, LIBRARY_PATH, LD_LIBRARY_PATH, STD
COMP VARS) 
load CUDA/10.2 (PATH, MANPATH, LD_LIBRARY_PATH, LIBRARY_PATH, C_INCLUDE_PATH,
CPLUS_INCLUDE_PATH, CUDA_HOME, CUDA_VERSION, CUDA_INC, CUDA_INSTALL_PATH) 
load CUDNN/7.6.4 (LD_LIBRARY_PATH, LIBRARY_PATH, C_INCLUDE_PATH,
CPLUS_INCLUDE_PATH, CUDNN_LIB_DIR, CUDNN_LIBRARY, CUDNN_INCLUDE_DIR) 
load NCCL/2.4.8 (LD_LIBRARY_PATH, LIBRARY_PATH, C_INCLUDE_PATH,
CPLUS_INCLUDE_PATH) 
load TENSORRT/6.0.1 (PATH, LD_LIBRARY_PATH, LIBRARY_PATH, C_INCLUDE_PATH,
CPLUS_INCLUDE_PATH) 
load OPENMPI/4.0.1 (PATH, MANPATH, LD_LIBRARY_PATH, LIBRARY_PATH,
PKG_CONFIG_PATH, C_INCLUDE_PATH, CPLUS_INCLUDE_PATH, MPI, MPI_V) 
load ATLAS/3.10.3 (LD_LIBRARY_PATH, LIBRARY_PATH, C_INCLUDE_PATH,
CPLUS_INCLUDE_PATH) 
load SCALAPACK/2.0.2 (LD_LIBRARY_PATH, LIBRARY_PATH, PKG_CONFIG_PATH) 
load FFTW/3.3.8 (PATH, MANPATH, LD_LIBRARY_PATH, LIBRARY_PATH, C_INCLUDE_PATH,
CPLUS_INCLUDE_PATH, PKG_CONFIG_PATH) 
load SZIP/2.1.1 (LD_LIBRARY_PATH, LIBRARY_PATH, C_INCLUDE_PATH,
CPLUS_INCLUDE_PATH) 
load FFMPEG/4.2.1 (PATH, LIBRARY_PATH, PKG_CONFIG_PATH, C_INCLUDE_PATH,
CPLUS_INCLUDE_PATH) 
load OPENCV/4.1.1 (PATH, LD_LIBRARY_PATH, LIBRARY_PATH, C_INCLUDE_PATH,
CPLUS_INCLUDE_PATH, PYTHONPATH) 
load PYTHON/3.7.4_ML (PATH, MANPATH, LD_LIBRARY_PATH, LIBRARY_PATH,
PKG_CONFIG_PATH, C_INCLUDE_PATH, CPLUS_INCLUDE_PATH, PYTHONHOME, PYTHONPATH,
OMPI_MCA_mpi_warn_on_fork, PROTOCOL_BUFFERS_PYTHON_IMPLEMENTATION,
PROTOCOL_BUFFERS_PYTHON_IMPLEMENTATION_VERSION) 
load TENSORFLOW/2.5.0 (PATH, PYTHONPATH) 
unload NCCL/2.4.8 (LD_LIBRARY_PATH, LIBRARY_PATH, C_INCLUDE_PATH,
CPLUS_INCLUDE_PATH) 
load NCCL/2.9.9 (LD_LIBRARY_PATH, LIBRARY_PATH, C_INCLUDE_PATH,
CPLUS_INCLUDE_PATH) 

The following have been reloaded with a version change:
  1) nccl/2.4.8 => nccl/2.9.9


-----------------------------------------------------------------------------
Training Epoch: 0
    Batch: 100000 || Loss 'Supervised_PINNS': 0.00186009787
Loss 'Supervised_PINNS': 0.00354074966
Current Time: 14:32:18

-----------------------------------------------------------------------------
Validation Epoch 0
Loss 'Supervised_PINNS': 0.00274921581
Metric ['MSE', 'RSE', 'RAE', 'RAE_target_0', 'RAE_target_1', 'RAE_target_2', 'RE_RealGasEq', 'RE_CpEq']:
 [0.00245104032 0.00752829341 0.0576228201 0.0607267246 0.0864708349 0.0256708972 0.00729110371 0.00357448589]
Current Time: 14:32:25

-----------------------------------------------------------------------------
Training Epoch: 1
    Batch: 100000 || Loss 'Supervised_PINNS': 0.00257327268
Loss 'Supervised_PINNS': 0.00209878641
Current Time: 14:51:26

-----------------------------------------------------------------------------
Validation Epoch 1
Loss 'Supervised_PINNS': 0.00245006895
Metric ['MSE', 'RSE', 'RAE', 'RAE_target_0', 'RAE_target_1', 'RAE_target_2', 'RE_RealGasEq', 'RE_CpEq']:
 [0.0021891268 0.00693135662 0.0522956885 0.0537301488 0.081484817 0.0216721036 0.00579445716 0.00380264036]
Current Time: 14:51:31

-----------------------------------------------------------------------------
Training Epoch: 2
    Batch: 100000 || Loss 'Supervised_PINNS': 0.000997449853
Loss 'Supervised_PINNS': 0.00187832629
Current Time: 15:10:37

-----------------------------------------------------------------------------
Validation Epoch 2
Loss 'Supervised_PINNS': 0.00221998757
Metric ['MSE', 'RSE', 'RAE', 'RAE_target_0', 'RAE_target_1', 'RAE_target_2', 'RE_RealGasEq', 'RE_CpEq']:
 [0.00229319464 0.00709048333 0.0531787314 0.0558716059 0.0814437419 0.0222208574 0.00183061976 0.00129162963]
Current Time: 15:10:42

-----------------------------------------------------------------------------
Training Epoch: 3
    Batch: 100000 || Loss 'Supervised_PINNS': 0.00279796147
Loss 'Supervised_PINNS': 0.00175863784
Current Time: 15:29:31

-----------------------------------------------------------------------------
Validation Epoch 3
Loss 'Supervised_PINNS': 0.00233016768
Metric ['MSE', 'RSE', 'RAE', 'RAE_target_0', 'RAE_target_1', 'RAE_target_2', 'RE_RealGasEq', 'RE_CpEq']:
 [0.00222774525 0.00697948458 0.0523695089 0.0544395186 0.0809783414 0.0216906704 0.00446542958 0.00203851378]
Current Time: 15:29:36

-----------------------------------------------------------------------------
Training Epoch: 4
    Batch: 100000 || Loss 'Supervised_PINNS': 0.00145119
Loss 'Supervised_PINNS': 0.00168843195
Current Time: 15:48:19

-----------------------------------------------------------------------------
Validation Epoch 4
Loss 'Supervised_PINNS': 0.00240888447
Metric ['MSE', 'RSE', 'RAE', 'RAE_target_0', 'RAE_target_1', 'RAE_target_2', 'RE_RealGasEq', 'RE_CpEq']:
 [0.00223191851 0.00701748347 0.0520092286 0.0536915 0.0810222775 0.021313915 0.00473906472 0.0032640947]
Current Time: 15:48:24

-----------------------------------------------------------------------------
Training Epoch: 5
    Batch: 100000 || Loss 'Supervised_PINNS': 0.00236527296
Loss 'Supervised_PINNS': 0.00164739985
Current Time: 16:07:04

-----------------------------------------------------------------------------
Validation Epoch 5
Loss 'Supervised_PINNS': 0.00212931517
Metric ['MSE', 'RSE', 'RAE', 'RAE_target_0', 'RAE_target_1', 'RAE_target_2', 'RE_RealGasEq', 'RE_CpEq']:
 [0.00230671279 0.0072315759 0.0535160787 0.0554969236 0.0828730389 0.0221782811 0.000558615779 0.000506857]
Current Time: 16:07:09

-----------------------------------------------------------------------------
Training Epoch: 6
    Batch: 100000 || Loss 'Supervised_PINNS': 0.00224146899
Loss 'Supervised_PINNS': 0.00162333134
Current Time: 16:25:52

-----------------------------------------------------------------------------
Validation Epoch 6
Loss 'Supervised_PINNS': 0.00216297316
Metric ['MSE', 'RSE', 'RAE', 'RAE_target_0', 'RAE_target_1', 'RAE_target_2', 'RE_RealGasEq', 'RE_CpEq']:
 [0.00235271757 0.00730940374 0.0539504401 0.0562174916 0.083325386 0.0223084372 0.000519924 0.000390622561]
Current Time: 16:25:57

-----------------------------------------------------------------------------
Training Epoch: 7
    Batch: 100000 || Loss 'Supervised_PINNS': 0.00065524166
Loss 'Supervised_PINNS': 0.001609414
Current Time: 16:44:41

-----------------------------------------------------------------------------
Validation Epoch 7
Loss 'Supervised_PINNS': 0.00215188
Metric ['MSE', 'RSE', 'RAE', 'RAE_target_0', 'RAE_target_1', 'RAE_target_2', 'RE_RealGasEq', 'RE_CpEq']:
 [0.00233037234 0.00723742926 0.0534446947 0.0554829 0.0827663094 0.0220848732 0.000710542197 0.000380357145]
Current Time: 16:44:46

-----------------------------------------------------------------------------
Training Epoch: 8
    Batch: 100000 || Loss 'Supervised_PINNS': 0.00130025391
Loss 'Supervised_PINNS': 0.00160139275
Current Time: 17:03:34

-----------------------------------------------------------------------------
Validation Epoch 8
Loss 'Supervised_PINNS': 0.00213329145
Metric ['MSE', 'RSE', 'RAE', 'RAE_target_0', 'RAE_target_1', 'RAE_target_2', 'RE_RealGasEq', 'RE_CpEq']:
 [0.00231868308 0.00724988617 0.0533976257 0.0554555319 0.0827556401 0.0219817162 0.000549011806 0.000380522863]
Current Time: 17:03:39

-----------------------------------------------------------------------------
Training Epoch: 9
    Batch: 100000 || Loss 'Supervised_PINNS': 0.000473903958
Loss 'Supervised_PINNS': 0.00159649248
Current Time: 17:22:23

-----------------------------------------------------------------------------
Validation Epoch 9
Loss 'Supervised_PINNS': 0.00213102554
Metric ['MSE', 'RSE', 'RAE', 'RAE_target_0', 'RAE_target_1', 'RAE_target_2', 'RE_RealGasEq', 'RE_CpEq']:
 [0.00231966656 0.00723132 0.0533738919 0.0554521903 0.0826572701 0.0220122226 0.000467355 0.000399155717]
Current Time: 17:22:28

-----------------------------------------------------------------------------
Training Epoch: 10
    Batch: 100000 || Loss 'Supervised_PINNS': 0.0010130771
Loss 'Supervised_PINNS': 0.00159329281
Current Time: 17:41:14

-----------------------------------------------------------------------------
Validation Epoch 10
Loss 'Supervised_PINNS': 0.002126951
Metric ['MSE', 'RSE', 'RAE', 'RAE_target_0', 'RAE_target_1', 'RAE_target_2', 'RE_RealGasEq', 'RE_CpEq']:
 [0.00231823907 0.0072613745 0.053399846 0.0552254096 0.0829705223 0.0220036209 0.000489187776 0.000321529107]
Current Time: 17:41:19

-----------------------------------------------------------------------------
Training Epoch: 11
    Batch: 100000 || Loss 'Supervised_PINNS': 0.00130144216
Loss 'Supervised_PINNS': 0.00159138686
Current Time: 18:00:07

-----------------------------------------------------------------------------
Validation Epoch 11
Loss 'Supervised_PINNS': 0.00208246312
Metric ['MSE', 'RSE', 'RAE', 'RAE_target_0', 'RAE_target_1', 'RAE_target_2', 'RE_RealGasEq', 'RE_CpEq']:
 [0.00227866415 0.00710265478 0.0528269373 0.0548622 0.0818196684 0.0217989571 0.000340072467 0.000293235]
Current Time: 18:00:12

-----------------------------------------------------------------------------
Training Epoch: 12
    Batch: 100000 || Loss 'Supervised_PINNS': 0.00191003573
Loss 'Supervised_PINNS': 0.00159002782
Current Time: 18:18:56

-----------------------------------------------------------------------------
Validation Epoch 12
Loss 'Supervised_PINNS': 0.00211665942
Metric ['MSE', 'RSE', 'RAE', 'RAE_target_0', 'RAE_target_1', 'RAE_target_2', 'RE_RealGasEq', 'RE_CpEq']:
 [0.00231439481 0.00721269101 0.0532916151 0.0553100333 0.0825803876 0.0219844226 0.000366862456 0.000307218404]
Current Time: 18:19:01

-----------------------------------------------------------------------------
Training Epoch: 13
    Batch: 100000 || Loss 'Supervised_PINNS': 0.00111426692
Loss 'Supervised_PINNS': 0.00158922269
Current Time: 18:37:47

-----------------------------------------------------------------------------
Validation Epoch 13
Loss 'Supervised_PINNS': 0.00210255221
Metric ['MSE', 'RSE', 'RAE', 'RAE_target_0', 'RAE_target_1', 'RAE_target_2', 'RE_RealGasEq', 'RE_CpEq']:
 [0.00230092672 0.00718888454 0.0531434715 0.0550827384 0.0824329108 0.0219147801 0.000336077705 0.000298288622]
Current Time: 18:37:52

-----------------------------------------------------------------------------
Training Epoch: 14
    Batch: 100000 || Loss 'Supervised_PINNS': 0.000768856728
Loss 'Supervised_PINNS': 0.00158864015
Current Time: 18:56:34

Arguments:

ndim: 3

features_idx: [0, 1, 2]

targets_name: ['c_p', 'rho', 'T']

training_filename: ['/home/bsc44/bsc44529/scratch_bsc44529/datasets/post_processed/59300000_5features_4targets/3d_high_pressure_turbulent_channel_flow_53900000.npz']

validation_filename: ['/home/bsc44/bsc44529/scratch_bsc44529/datasets/post_processed/59300000_5features_4targets/3d_high_pressure_turbulent_channel_flow_59300000.npz']

prediction_filename: ['/home/bsc44/bsc44529/scratch_bsc44529/datasets/post_processed/59300000_5features_4targets/3d_high_pressure_turbulent_channel_flow_59300000.npz']

spatial_dimension: [128, 128, 128]

features_limits: {'y': [0.0, 0.0002], 'u': [-0.1, 3.5], 'TKE_normalized': [0.0, 0.2], 'vorticity_magn_normalized': [0.0, 55.0], 'enstrophy_normalized': [0.0, 1400.0]}

targets_limits: {'c_p': [0.0, 4200.0], 'rho': [0.0, 850.0], 'T': [0.0, 200.0]}

learning_rate: 0.001

lr_decay: exp

lr_decay_rate: 0.1

lr_decay_step: 5.0

lr_scheduler_call_frequency: epoch

lr_verbose: 1

early_stopping_min_delta: 1e-05

early_stopping_patience: 5

early_stopping_start_from_epoch: 0

optimizer: Adam

loss: Supervised_PINNS

metrics: ['MSE', 'RSE', 'RAE', 'RAE_target_0', 'RAE_target_1', 'RAE_target_2', 'RE_RealGasEq', 'RE_CpEq']

Supervised_PINNS_weights: [0.9, 0.05, 0.05]

num_hidden_layers: 6

num_neurons_per_layer: 16

activation_function: relu

initializer_type: normal

seed: 4

regularizer_type: L2

regularizer_factor: 0.01

num_epochs: 100

batch_size: 16

batch_size_validation: 2097152

batch_size_prediction: 2097152

num_batches_per_print_information: 100000

make_plots: False

visualization_step: 500

Substance: N2

P_constant: 6791600.0

eps: 1e-05

save_ckpt_freq: 1

ckpt_filename_prediction: checkpoints/checkpoints_6513607/ckpt_E8

T_minus: 123.33293

T_plus: 176.79862

num_features: 3

num_targets: 3


Shape training features: (2097152, 3)
Shape training targets: (2097152, 3)

Features name: ['y', 'u', 'TKE_normalized']
Targets name: ['c_p', 'rho', 'T']

Training Number of Batches per Epoch: 131072, with number of samples 2097152 and batch size 16

Min-Max Scaler to feature 'y', from (min, max) = (0.0000, 0.0002) to (0, 1)
Min-Max after scaling,  training  dataset: (0.0005,0.9995)
Min-Max after scaling, validation dataset: (0.0005,0.9995)

Min-Max Scaler to feature 'u', from (min, max) = (-0.1000, 3.5000) to (0, 1)
Min-Max after scaling,  training  dataset: (0.0288,0.8573)
Min-Max after scaling, validation dataset: (0.0288,0.9207)

Min-Max Scaler to feature 'TKE_normalized', from (min, max) = (0.0000, 0.2000) to (0, 1)
Min-Max after scaling,  training  dataset: (0.0000,0.9108)
Min-Max after scaling, validation dataset: (0.0000,0.8237)

Min-Max Scaler to target 'c_p', from (min, max) = (0.0000, 4200.0000) to (0, 1)
Min-Max after scaling,  training  dataset: (0.3658,0.9223)
Min-Max after scaling, validation dataset: (0.3653,0.9224)

Min-Max Scaler to target 'rho', from (min, max) = (0.0000, 850.0000) to (0, 1)
Min-Max after scaling,  training  dataset: (0.1741,0.9870)
Min-Max after scaling, validation dataset: (0.1738,0.9870)

Min-Max Scaler to target 'T', from (min, max) = (0.0000, 200.0000) to (0, 1)
Min-Max after scaling,  training  dataset: (0.4736,0.9455)
Min-Max after scaling, validation dataset: (0.4736,0.9464)

Dataset Training: 
<BatchDataset shapes: ((None, 3), (None, 3)), types: (tf.float32, tf.float32)>

Dataset Validation: 
<BatchDataset shapes: ((None, 3), (None, 3)), types: (tf.float32, tf.float32)>
Model: "model"
_________________________________________________________________
Layer (type)                 Output Shape              Param #   
=================================================================
input_1 (InputLayer)         [(None, 3)]               0         
_________________________________________________________________
dense (Dense)                (None, 16)                64        
_________________________________________________________________
dense_1 (Dense)              (None, 16)                272       
_________________________________________________________________
dense_2 (Dense)              (None, 16)                272       
_________________________________________________________________
dense_3 (Dense)              (None, 16)                272       
_________________________________________________________________
dense_4 (Dense)              (None, 16)                272       
_________________________________________________________________
dense_5 (Dense)              (None, 16)                272       
_________________________________________________________________
dense_6 (Dense)              (None, 3)                 51        
=================================================================
Total params: 1,475
Trainable params: 1,475
Non-trainable params: 0
_________________________________________________________________
None
Learning rate scheduler defined. Learning rate will decay exponentially, with:
    initial learning rate: 1.0000e-03
    decay rate: 1.0000e-01
    decay step: 5.0000e+00

Epoch 0: LearningRateScheduler setting learning rate to 0.001.
Checkpoint weights saved in 'checkpoints/ckpt_E0'

Epoch 1: LearningRateScheduler setting learning rate to 0.0006309573444801933.
Checkpoint weights saved in 'checkpoints/ckpt_E1'

Epoch 2: LearningRateScheduler setting learning rate to 0.00039810717055349724.
Checkpoint weights saved in 'checkpoints/ckpt_E2'

Epoch 3: LearningRateScheduler setting learning rate to 0.000251188643150958.
Checkpoint weights saved in 'checkpoints/ckpt_E3'

Epoch 4: LearningRateScheduler setting learning rate to 0.00015848931924611134.
Checkpoint weights saved in 'checkpoints/ckpt_E4'

Epoch 5: LearningRateScheduler setting learning rate to 0.0001.
Checkpoint weights saved in 'checkpoints/ckpt_E5'

Epoch 6: LearningRateScheduler setting learning rate to 6.309573444801933e-05.
Checkpoint weights saved in 'checkpoints/ckpt_E6'

Epoch 7: LearningRateScheduler setting learning rate to 3.9810717055349735e-05.
Checkpoint weights saved in 'checkpoints/ckpt_E7'

Epoch 8: LearningRateScheduler setting learning rate to 2.5118864315095798e-05.
Checkpoint weights saved in 'checkpoints/ckpt_E8'

Epoch 9: LearningRateScheduler setting learning rate to 1.5848931924611134e-05.
Checkpoint weights saved in 'checkpoints/ckpt_E9'

Epoch 10: LearningRateScheduler setting learning rate to 1.0000000000000003e-05.
Checkpoint weights saved in 'checkpoints/ckpt_E10'

Epoch 11: LearningRateScheduler setting learning rate to 6.3095734448019305e-06.
Checkpoint weights saved in 'checkpoints/ckpt_E11'

Epoch 12: LearningRateScheduler setting learning rate to 3.981071705534974e-06.
Checkpoint weights saved in 'checkpoints/ckpt_E12'

Epoch 13: LearningRateScheduler setting learning rate to 2.5118864315095797e-06.
Checkpoint weights saved in 'checkpoints/ckpt_E13'

Epoch 14: LearningRateScheduler setting learning rate to 1.5848931924611143e-06.
Epoch 15: early stopping
