unload bsc/commands (PATH, MANPATH) 
unload CUDA/9.1 (PATH, MANPATH, LD_LIBRARY_PATH, LIBRARY_PATH, C_INCLUDE_PATH,
CPLUS_INCLUDE_PATH, CUDA_HOME, CUDA_VERSION, CUDA_INC, CUDA_INSTALL_PATH) 
unload OPENMPI/3.0.0 (PATH, MANPATH, LD_LIBRARY_PATH, LIBRARY_PATH,
PKG_CONFIG_PATH, C_INCLUDE_PATH, CPLUS_INCLUDE_PATH, MPI, MPI_V) 
unload GCC/6.4.0 (PATH, MANPATH, INFOPATH, LD_LIBRARY_PATH, LIBRARY_PATH,
C_INCLUDE_PATH, CPLUS_INCLUDE_PATH, STD COMP VARS) 
load GCC/8.3.0 (PATH, MANPATH, INFOPATH, LIBRARY_PATH, LD_LIBRARY_PATH, STD
COMP VARS) 
load CUDA/10.2 (PATH, MANPATH, LD_LIBRARY_PATH, LIBRARY_PATH, C_INCLUDE_PATH,
CPLUS_INCLUDE_PATH, CUDA_HOME, CUDA_VERSION, CUDA_INC, CUDA_INSTALL_PATH) 
load CUDNN/7.6.4 (LD_LIBRARY_PATH, LIBRARY_PATH, C_INCLUDE_PATH,
CPLUS_INCLUDE_PATH, CUDNN_LIB_DIR, CUDNN_LIBRARY, CUDNN_INCLUDE_DIR) 
load NCCL/2.4.8 (LD_LIBRARY_PATH, LIBRARY_PATH, C_INCLUDE_PATH,
CPLUS_INCLUDE_PATH) 
load TENSORRT/6.0.1 (PATH, LD_LIBRARY_PATH, LIBRARY_PATH, C_INCLUDE_PATH,
CPLUS_INCLUDE_PATH) 
load OPENMPI/4.0.1 (PATH, MANPATH, LD_LIBRARY_PATH, LIBRARY_PATH,
PKG_CONFIG_PATH, C_INCLUDE_PATH, CPLUS_INCLUDE_PATH, MPI, MPI_V) 
load ATLAS/3.10.3 (LD_LIBRARY_PATH, LIBRARY_PATH, C_INCLUDE_PATH,
CPLUS_INCLUDE_PATH) 
load SCALAPACK/2.0.2 (LD_LIBRARY_PATH, LIBRARY_PATH, PKG_CONFIG_PATH) 
load FFTW/3.3.8 (PATH, MANPATH, LD_LIBRARY_PATH, LIBRARY_PATH, C_INCLUDE_PATH,
CPLUS_INCLUDE_PATH, PKG_CONFIG_PATH) 
load SZIP/2.1.1 (LD_LIBRARY_PATH, LIBRARY_PATH, C_INCLUDE_PATH,
CPLUS_INCLUDE_PATH) 
load FFMPEG/4.2.1 (PATH, LIBRARY_PATH, PKG_CONFIG_PATH, C_INCLUDE_PATH,
CPLUS_INCLUDE_PATH) 
load OPENCV/4.1.1 (PATH, LD_LIBRARY_PATH, LIBRARY_PATH, C_INCLUDE_PATH,
CPLUS_INCLUDE_PATH, PYTHONPATH) 
load PYTHON/3.7.4_ML (PATH, MANPATH, LD_LIBRARY_PATH, LIBRARY_PATH,
PKG_CONFIG_PATH, C_INCLUDE_PATH, CPLUS_INCLUDE_PATH, PYTHONHOME, PYTHONPATH,
OMPI_MCA_mpi_warn_on_fork, PROTOCOL_BUFFERS_PYTHON_IMPLEMENTATION,
PROTOCOL_BUFFERS_PYTHON_IMPLEMENTATION_VERSION) 
load TENSORFLOW/2.5.0 (PATH, PYTHONPATH) 
unload NCCL/2.4.8 (LD_LIBRARY_PATH, LIBRARY_PATH, C_INCLUDE_PATH,
CPLUS_INCLUDE_PATH) 
load NCCL/2.9.9 (LD_LIBRARY_PATH, LIBRARY_PATH, C_INCLUDE_PATH,
CPLUS_INCLUDE_PATH) 

The following have been reloaded with a version change:
  1) nccl/2.4.8 => nccl/2.9.9


----------------------------------------------------------------------------------
----------------------------------------------------------------------------------
                                  Seed: 1
----------------------------------------------------------------------------------
----------------------------------------------------------------------------------

-----------------------------------------------------------------------------
Training Epoch: 0
Supervised PINNS Loss weights are set to: [1.0, 0.0, 0.0]
    Batch: 5000 || Loss 'Supervised_PINNS': 0.0104641495
    Batch: 10000 || Loss 'Supervised_PINNS': 0.0210427344
    Batch: 15000 || Loss 'Supervised_PINNS': 0.00500646792
    Batch: 20000 || Loss 'Supervised_PINNS': 0.00688393088
    Batch: 25000 || Loss 'Supervised_PINNS': 0.0155422697
    Batch: 30000 || Loss 'Supervised_PINNS': 0.00689070486
Loss 'Supervised_PINNS': 0.0100673623
Current Time: 21:56:57

-----------------------------------------------------------------------------
Validation Epoch 0
Loss 'Supervised_PINNS': 0.0120558096
Metric ['MSE', 'RSE', 'RAE', 'RAE_target_0', 'RAE_target_1', 'RAE_target_2', 'RE_RealGasEq', 'RE_CpEq']:
 [0.0120558096 8.60337925 0.377723128 0.205148458 0.760505199 0.16751574 0.0373350419 0.0350377448]
Current Time: 21:57:04

-----------------------------------------------------------------------------
Training Epoch: 1
Supervised PINNS Loss weights are set to: [0.8, 0.1, 0.1]
    Batch: 5000 || Loss 'Supervised_PINNS': 0.00363819837
    Batch: 10000 || Loss 'Supervised_PINNS': 0.0164232198
    Batch: 15000 || Loss 'Supervised_PINNS': 0.00391777791
    Batch: 20000 || Loss 'Supervised_PINNS': 0.0103812544
    Batch: 25000 || Loss 'Supervised_PINNS': 0.0201771539
    Batch: 30000 || Loss 'Supervised_PINNS': 0.00538338209
Loss 'Supervised_PINNS': 0.00800207909
Current Time: 22:01:45

-----------------------------------------------------------------------------
Validation Epoch 1
Loss 'Supervised_PINNS': 0.00964773167
Metric ['MSE', 'RSE', 'RAE', 'RAE_target_0', 'RAE_target_1', 'RAE_target_2', 'RE_RealGasEq', 'RE_CpEq']:
 [0.00964773167 3.51627803 0.289835125 0.184479356 0.520443678 0.164582446 0.0424656384 0.0298713725]
Current Time: 22:01:50

-----------------------------------------------------------------------------
Training Epoch: 2
    Batch: 5000 || Loss 'Supervised_PINNS': 0.00542568276
    Batch: 10000 || Loss 'Supervised_PINNS': 0.00420506112
    Batch: 15000 || Loss 'Supervised_PINNS': 0.0133624487
    Batch: 20000 || Loss 'Supervised_PINNS': 0.00994215067
    Batch: 25000 || Loss 'Supervised_PINNS': 0.0059854784
    Batch: 30000 || Loss 'Supervised_PINNS': 0.00507186772
Loss 'Supervised_PINNS': 0.00722243
Current Time: 22:06:31

-----------------------------------------------------------------------------
Validation Epoch 2
Loss 'Supervised_PINNS': 0.00954066124
Metric ['MSE', 'RSE', 'RAE', 'RAE_target_0', 'RAE_target_1', 'RAE_target_2', 'RE_RealGasEq', 'RE_CpEq']:
 [0.00954066124 2.72635174 0.252726287 0.161656618 0.457923383 0.13859883 0.031116141 0.03105052]
Current Time: 22:06:36

-----------------------------------------------------------------------------
Training Epoch: 3
    Batch: 5000 || Loss 'Supervised_PINNS': 0.00563855469
    Batch: 10000 || Loss 'Supervised_PINNS': 0.00833183061
    Batch: 15000 || Loss 'Supervised_PINNS': 0.00652992679
    Batch: 20000 || Loss 'Supervised_PINNS': 0.00859633461
    Batch: 25000 || Loss 'Supervised_PINNS': 0.0040827943
    Batch: 30000 || Loss 'Supervised_PINNS': 0.00791573618
Loss 'Supervised_PINNS': 0.00686383108
Current Time: 22:11:18

-----------------------------------------------------------------------------
Validation Epoch 3
Loss 'Supervised_PINNS': 0.00978027657
Metric ['MSE', 'RSE', 'RAE', 'RAE_target_0', 'RAE_target_1', 'RAE_target_2', 'RE_RealGasEq', 'RE_CpEq']:
 [0.00978027657 2.30292439 0.234379962 0.157028779 0.416932493 0.129178658 0.0271144286 0.0259865858]
Current Time: 22:11:24

-----------------------------------------------------------------------------
Training Epoch: 4
    Batch: 5000 || Loss 'Supervised_PINNS': 0.0122192772
    Batch: 10000 || Loss 'Supervised_PINNS': 0.00549957529
    Batch: 15000 || Loss 'Supervised_PINNS': 0.00441561081
    Batch: 20000 || Loss 'Supervised_PINNS': 0.00734203076
    Batch: 25000 || Loss 'Supervised_PINNS': 0.00506560737
    Batch: 30000 || Loss 'Supervised_PINNS': 0.00465931557
Loss 'Supervised_PINNS': 0.00672229053
Current Time: 22:16:03

-----------------------------------------------------------------------------
Validation Epoch 4
Loss 'Supervised_PINNS': 0.00947152637
Metric ['MSE', 'RSE', 'RAE', 'RAE_target_0', 'RAE_target_1', 'RAE_target_2', 'RE_RealGasEq', 'RE_CpEq']:
 [0.00947152637 1.95320797 0.221698537 0.157747388 0.370739967 0.136608243 0.0249058232 0.0178563111]
Current Time: 22:16:08

-----------------------------------------------------------------------------
Training Epoch: 5
    Batch: 5000 || Loss 'Supervised_PINNS': 0.0106610386
    Batch: 10000 || Loss 'Supervised_PINNS': 0.00609108945
    Batch: 15000 || Loss 'Supervised_PINNS': 0.00835820567
    Batch: 20000 || Loss 'Supervised_PINNS': 0.00769153377
    Batch: 25000 || Loss 'Supervised_PINNS': 0.00593025656
    Batch: 30000 || Loss 'Supervised_PINNS': 0.00572942244
Loss 'Supervised_PINNS': 0.00663708849
Current Time: 22:20:45

-----------------------------------------------------------------------------
Validation Epoch 5
Loss 'Supervised_PINNS': 0.00945077371
Metric ['MSE', 'RSE', 'RAE', 'RAE_target_0', 'RAE_target_1', 'RAE_target_2', 'RE_RealGasEq', 'RE_CpEq']:
 [0.00945077371 1.7933327 0.220680758 0.157386512 0.369664639 0.134991214 0.0254575349 0.0189558]
Current Time: 22:20:50

-----------------------------------------------------------------------------
Training Epoch: 6
    Batch: 5000 || Loss 'Supervised_PINNS': 0.00336433481
    Batch: 10000 || Loss 'Supervised_PINNS': 0.00372164696
    Batch: 15000 || Loss 'Supervised_PINNS': 0.0046849926
    Batch: 20000 || Loss 'Supervised_PINNS': 0.00415054662
    Batch: 25000 || Loss 'Supervised_PINNS': 0.00550984591
    Batch: 30000 || Loss 'Supervised_PINNS': 0.00448386
Loss 'Supervised_PINNS': 0.0065905326
Current Time: 22:25:27

-----------------------------------------------------------------------------
Validation Epoch 6
Loss 'Supervised_PINNS': 0.0100146914
Metric ['MSE', 'RSE', 'RAE', 'RAE_target_0', 'RAE_target_1', 'RAE_target_2', 'RE_RealGasEq', 'RE_CpEq']:
 [0.0100146914 4.3483367 0.264827847 0.170722172 0.504936814 0.118824519 0.0238654166 0.0198389422]
Current Time: 22:25:32

-----------------------------------------------------------------------------
Training Epoch: 7
    Batch: 5000 || Loss 'Supervised_PINNS': 0.0036501938
    Batch: 10000 || Loss 'Supervised_PINNS': 0.00300223171
    Batch: 15000 || Loss 'Supervised_PINNS': 0.0053339391
    Batch: 20000 || Loss 'Supervised_PINNS': 0.0139352679
    Batch: 25000 || Loss 'Supervised_PINNS': 0.00362271699
    Batch: 30000 || Loss 'Supervised_PINNS': 0.00640369253
Loss 'Supervised_PINNS': 0.00655227527
Current Time: 22:30:10

-----------------------------------------------------------------------------
Validation Epoch 7
Loss 'Supervised_PINNS': 0.00929751433
Metric ['MSE', 'RSE', 'RAE', 'RAE_target_0', 'RAE_target_1', 'RAE_target_2', 'RE_RealGasEq', 'RE_CpEq']:
 [0.00929751433 2.09798813 0.223703489 0.158717081 0.389736831 0.122656554 0.0232814159 0.019826211]
Current Time: 22:30:15

-----------------------------------------------------------------------------
Training Epoch: 8
    Batch: 5000 || Loss 'Supervised_PINNS': 0.00509878
    Batch: 10000 || Loss 'Supervised_PINNS': 0.0214936864
    Batch: 15000 || Loss 'Supervised_PINNS': 0.00802941527
    Batch: 20000 || Loss 'Supervised_PINNS': 0.00582294678
    Batch: 25000 || Loss 'Supervised_PINNS': 0.0055435542
    Batch: 30000 || Loss 'Supervised_PINNS': 0.00366650266
Loss 'Supervised_PINNS': 0.00652875099
Current Time: 22:34:56

-----------------------------------------------------------------------------
Validation Epoch 8
Loss 'Supervised_PINNS': 0.00939363893
Metric ['MSE', 'RSE', 'RAE', 'RAE_target_0', 'RAE_target_1', 'RAE_target_2', 'RE_RealGasEq', 'RE_CpEq']:
 [0.009393638 2.24517274 0.227499291 0.158423886 0.402719319 0.121354699 0.023758918 0.0205710866]
Current Time: 22:35:01

-----------------------------------------------------------------------------
Training Epoch: 9
    Batch: 5000 || Loss 'Supervised_PINNS': 0.00393973524
    Batch: 10000 || Loss 'Supervised_PINNS': 0.00696405629
    Batch: 15000 || Loss 'Supervised_PINNS': 0.0039745653
    Batch: 20000 || Loss 'Supervised_PINNS': 0.00530778198
    Batch: 25000 || Loss 'Supervised_PINNS': 0.00657545961
    Batch: 30000 || Loss 'Supervised_PINNS': 0.00980046112
Loss 'Supervised_PINNS': 0.00651235413
Current Time: 22:39:43

-----------------------------------------------------------------------------
Validation Epoch 9
Loss 'Supervised_PINNS': 0.00959447306
Metric ['MSE', 'RSE', 'RAE', 'RAE_target_0', 'RAE_target_1', 'RAE_target_2', 'RE_RealGasEq', 'RE_CpEq']:
 [0.00959447306 2.66526604 0.232904196 0.159883797 0.421129614 0.117699109 0.0232221521 0.0217152182]
Current Time: 22:39:49

-----------------------------------------------------------------------------
Training Epoch: 10
    Batch: 5000 || Loss 'Supervised_PINNS': 0.00772811845
    Batch: 10000 || Loss 'Supervised_PINNS': 0.00978244282
    Batch: 15000 || Loss 'Supervised_PINNS': 0.00413603103
    Batch: 20000 || Loss 'Supervised_PINNS': 0.00447196141
    Batch: 25000 || Loss 'Supervised_PINNS': 0.00370397232
    Batch: 30000 || Loss 'Supervised_PINNS': 0.00551992608
Loss 'Supervised_PINNS': 0.00650422927
Current Time: 22:44:36

-----------------------------------------------------------------------------
Validation Epoch 10
Loss 'Supervised_PINNS': 0.00958723109
Metric ['MSE', 'RSE', 'RAE', 'RAE_target_0', 'RAE_target_1', 'RAE_target_2', 'RE_RealGasEq', 'RE_CpEq']:
 [0.00958723109 2.66530347 0.23429893 0.159088701 0.424369752 0.119438343 0.0234850422 0.0211402569]
Current Time: 22:44:41

-----------------------------------------------------------------------------
Training Epoch: 11
    Batch: 5000 || Loss 'Supervised_PINNS': 0.00305336411
    Batch: 10000 || Loss 'Supervised_PINNS': 0.00751501089
    Batch: 15000 || Loss 'Supervised_PINNS': 0.00461737253
    Batch: 20000 || Loss 'Supervised_PINNS': 0.0133437626
    Batch: 25000 || Loss 'Supervised_PINNS': 0.0183776375
    Batch: 30000 || Loss 'Supervised_PINNS': 0.00823803712
Loss 'Supervised_PINNS': 0.00649593025
Current Time: 22:49:26

Arguments:

ndim: 3

features_idx: [1, 2]

targets_name: ['c_p', 'rho', 'T']

training_filename: ['/gpfs/scratch/bsc44/bsc44529/datasets/post_processed/59300000_5features_4targets/3d_high_pressure_turbulent_channel_flow_53900000.npz']

validation_filename: ['/gpfs/scratch/bsc44/bsc44529/datasets/post_processed/59300000_5features_4targets/3d_high_pressure_turbulent_channel_flow_59300000.npz']

spatial_dimension: [128, 128, 128]

features_limits: {'y': [0.0, 0.0002], 'u': [-0.1, 3.5], 'TKE_normalized': [0.0, 0.2], 'vorticity_magn_normalized': [0.0, 55.0], 'enstrophy_normalized': [0.0, 1400.0]}

targets_limits: {'c_p': [1500.0, 3900.0], 'rho': [140.0, 850.0], 'T': [90.0, 200.0]}

learning_rate: 0.001

lr_decay: exp

lr_decay_rate: 0.1

lr_decay_step: 5.0

lr_scheduler_call_frequency: epoch

lr_verbose: 1

early_stopping_min_delta: 0.0001

early_stopping_patience: 5

early_stopping_start_from_epoch: 0

optimizer: Adam

loss: Supervised_PINNS

metrics: ['MSE', 'RSE', 'RAE', 'RAE_target_0', 'RAE_target_1', 'RAE_target_2', 'RE_RealGasEq', 'RE_CpEq']

Supervised_PINNS_weights: [0.8, 0.1, 0.1]

Supervised_PINNS_weights_first_epoch: [1.0, 0.0, 0.0]

num_hidden_layers: 6

num_neurons_per_layer: 16

activation_function: relu

initializer_type: normal

seed: 1

regularizer_type: L2

regularizer_factor: 0.01

num_epochs: 100

batch_size: 64

batch_size_validation: 2097152

num_batches_per_print_information: 5000

make_plots: False

visualization_step: 500

Substance: N2

P_constant: 6791600.0

eps: 1e-05

num_features: 2

num_targets: 3


Shape training features: (2097152, 2)
Shape training targets: (2097152, 3)

Features name: ['u', 'TKE_normalized']
Targets name: ['c_p', 'rho', 'T']

Training Number of Batches per Epoch: 32768, with number of samples 2097152 and batch size 64

Min-Max Scaler to feature 'u', from (min, max) = (-0.1000, 3.5000) to (0, 1)
Min-Max after scaling,  training  dataset: (0.0288,0.8573)
Min-Max after scaling, validation dataset: (0.0288,0.9207)

Min-Max Scaler to feature 'TKE_normalized', from (min, max) = (0.0000, 0.2000) to (0, 1)
Min-Max after scaling,  training  dataset: (0.0000,0.9108)
Min-Max after scaling, validation dataset: (0.0000,0.8237)

Min-Max Scaler to target 'c_p', from (min, max) = (1500.0000, 3900.0000) to (0, 1)
Min-Max after scaling,  training  dataset: (0.0152,0.9889)
Min-Max after scaling, validation dataset: (0.0143,0.9891)

Min-Max Scaler to target 'rho', from (min, max) = (140.0000, 850.0000) to (0, 1)
Min-Max after scaling,  training  dataset: (0.0112,0.9844)
Min-Max after scaling, validation dataset: (0.0109,0.9844)

Min-Max Scaler to target 'T', from (min, max) = (90.0000, 200.0000) to (0, 1)
Min-Max after scaling,  training  dataset: (0.0429,0.9009)
Min-Max after scaling, validation dataset: (0.0430,0.9026)

Dataset Training: 
<BatchDataset shapes: ((None, 2), (None, 3)), types: (tf.float32, tf.float32)>

Dataset Validation: 
<BatchDataset shapes: ((None, 2), (None, 3)), types: (tf.float32, tf.float32)>
Model: "model"
_________________________________________________________________
Layer (type)                 Output Shape              Param #   
=================================================================
input_1 (InputLayer)         [(None, 2)]               0         
_________________________________________________________________
dense (Dense)                (None, 16)                48        
_________________________________________________________________
dense_1 (Dense)              (None, 16)                272       
_________________________________________________________________
dense_2 (Dense)              (None, 16)                272       
_________________________________________________________________
dense_3 (Dense)              (None, 16)                272       
_________________________________________________________________
dense_4 (Dense)              (None, 16)                272       
_________________________________________________________________
dense_5 (Dense)              (None, 16)                272       
_________________________________________________________________
dense_6 (Dense)              (None, 3)                 51        
=================================================================
Total params: 1,459
Trainable params: 1,459
Non-trainable params: 0
_________________________________________________________________
None
Learning rate scheduler defined. Learning rate will decay exponentially, with:
    initial learning rate: 1.0000e-03
    decay rate: 1.0000e-01
    decay step: 5.0000e+00

Epoch 0: LearningRateScheduler setting learning rate to 0.001.

Epoch 1: LearningRateScheduler setting learning rate to 0.0006309573444801933.

Epoch 2: LearningRateScheduler setting learning rate to 0.00039810717055349724.

Epoch 3: LearningRateScheduler setting learning rate to 0.000251188643150958.

Epoch 4: LearningRateScheduler setting learning rate to 0.00015848931924611134.

Epoch 5: LearningRateScheduler setting learning rate to 0.0001.

Epoch 6: LearningRateScheduler setting learning rate to 6.309573444801933e-05.

Epoch 7: LearningRateScheduler setting learning rate to 3.9810717055349735e-05.

Epoch 8: LearningRateScheduler setting learning rate to 2.5118864315095798e-05.

Epoch 9: LearningRateScheduler setting learning rate to 1.5848931924611134e-05.

Epoch 10: LearningRateScheduler setting learning rate to 1.0000000000000003e-05.

Epoch 11: LearningRateScheduler setting learning rate to 6.3095734448019305e-06.
Epoch 12: early stopping

----------------------------------------------------------------------------------
----------------------------------------------------------------------------------
                                  Seed: 2
----------------------------------------------------------------------------------
----------------------------------------------------------------------------------

-----------------------------------------------------------------------------
Training Epoch: 0
Supervised PINNS Loss weights are set to: [1.0, 0.0, 0.0]
    Batch: 5000 || Loss 'Supervised_PINNS': 0.344914109
    Batch: 10000 || Loss 'Supervised_PINNS': 0.325935155
    Batch: 15000 || Loss 'Supervised_PINNS': 0.328542113
    Batch: 20000 || Loss 'Supervised_PINNS': 0.343062252
    Batch: 25000 || Loss 'Supervised_PINNS': 0.342789859
    Batch: 30000 || Loss 'Supervised_PINNS': 0.351299614
Loss 'Supervised_PINNS': 0.335563749
Current Time: 22:54:11

-----------------------------------------------------------------------------
Validation Epoch 0
Loss 'Supervised_PINNS': 0.335249513
Metric ['MSE', 'RSE', 'RAE', 'RAE_target_0', 'RAE_target_1', 'RAE_target_2', 'RE_RealGasEq', 'RE_CpEq']:
 [0.335249513 1 1 1 1 1 0.880537 2.88892913]
Current Time: 22:54:18

-----------------------------------------------------------------------------
Training Epoch: 1
Supervised PINNS Loss weights are set to: [0.8, 0.1, 0.1]
    Batch: 5000 || Loss 'Supervised_PINNS': 0.334493637
    Batch: 10000 || Loss 'Supervised_PINNS': 0.327786
    Batch: 15000 || Loss 'Supervised_PINNS': 0.33681348
    Batch: 20000 || Loss 'Supervised_PINNS': 0.334587246
    Batch: 25000 || Loss 'Supervised_PINNS': 0.350356311
    Batch: 30000 || Loss 'Supervised_PINNS': 0.351672679
Loss 'Supervised_PINNS': 0.335564405
Current Time: 22:58:53

-----------------------------------------------------------------------------
Validation Epoch 1
Loss 'Supervised_PINNS': 0.335249513
Metric ['MSE', 'RSE', 'RAE', 'RAE_target_0', 'RAE_target_1', 'RAE_target_2', 'RE_RealGasEq', 'RE_CpEq']:
 [0.335249513 1 1 1 1 1 0.880537 2.88892913]
Current Time: 22:58:58

-----------------------------------------------------------------------------
Training Epoch: 2
    Batch: 5000 || Loss 'Supervised_PINNS': 0.344999522
    Batch: 10000 || Loss 'Supervised_PINNS': 0.341447443
    Batch: 15000 || Loss 'Supervised_PINNS': 0.32896471
    Batch: 20000 || Loss 'Supervised_PINNS': 0.316212386
    Batch: 25000 || Loss 'Supervised_PINNS': 0.341033429
    Batch: 30000 || Loss 'Supervised_PINNS': 0.341248423
Loss 'Supervised_PINNS': 0.335564703
Current Time: 23:03:35

-----------------------------------------------------------------------------
Validation Epoch 2
Loss 'Supervised_PINNS': 0.335249513
Metric ['MSE', 'RSE', 'RAE', 'RAE_target_0', 'RAE_target_1', 'RAE_target_2', 'RE_RealGasEq', 'RE_CpEq']:
 [0.335249513 1 1 1 1 1 0.880537 2.88892913]
Current Time: 23:03:41

-----------------------------------------------------------------------------
Training Epoch: 3
    Batch: 5000 || Loss 'Supervised_PINNS': 0.32443592
    Batch: 10000 || Loss 'Supervised_PINNS': 0.330152512
    Batch: 15000 || Loss 'Supervised_PINNS': 0.333716273
    Batch: 20000 || Loss 'Supervised_PINNS': 0.342293233
    Batch: 25000 || Loss 'Supervised_PINNS': 0.349728674
    Batch: 30000 || Loss 'Supervised_PINNS': 0.347492099
Loss 'Supervised_PINNS': 0.335562587
Current Time: 23:08:19

-----------------------------------------------------------------------------
Validation Epoch 3
Loss 'Supervised_PINNS': 0.335249513
Metric ['MSE', 'RSE', 'RAE', 'RAE_target_0', 'RAE_target_1', 'RAE_target_2', 'RE_RealGasEq', 'RE_CpEq']:
 [0.335249513 1 1 1 1 1 0.880537 2.88892913]
Current Time: 23:08:24

-----------------------------------------------------------------------------
Training Epoch: 4
    Batch: 5000 || Loss 'Supervised_PINNS': 0.33556
    Batch: 10000 || Loss 'Supervised_PINNS': 0.348984957
    Batch: 15000 || Loss 'Supervised_PINNS': 0.335189939
    Batch: 20000 || Loss 'Supervised_PINNS': 0.323219985
    Batch: 25000 || Loss 'Supervised_PINNS': 0.318739682
    Batch: 30000 || Loss 'Supervised_PINNS': 0.326483548
Loss 'Supervised_PINNS': 0.335563272
Current Time: 23:12:59

-----------------------------------------------------------------------------
Validation Epoch 4
Loss 'Supervised_PINNS': 0.335249513
Metric ['MSE', 'RSE', 'RAE', 'RAE_target_0', 'RAE_target_1', 'RAE_target_2', 'RE_RealGasEq', 'RE_CpEq']:
 [0.335249513 1 1 1 1 1 0.880537 2.88892913]
Current Time: 23:13:04

-----------------------------------------------------------------------------
Training Epoch: 5
    Batch: 5000 || Loss 'Supervised_PINNS': 0.337771863
    Batch: 10000 || Loss 'Supervised_PINNS': 0.320487916
    Batch: 15000 || Loss 'Supervised_PINNS': 0.334171623
    Batch: 20000 || Loss 'Supervised_PINNS': 0.329735696
    Batch: 25000 || Loss 'Supervised_PINNS': 0.343063921
    Batch: 30000 || Loss 'Supervised_PINNS': 0.344130963
Loss 'Supervised_PINNS': 0.335562766
Current Time: 23:17:40

Arguments:

ndim: 3

features_idx: [1, 2]

targets_name: ['c_p', 'rho', 'T']

training_filename: ['/gpfs/scratch/bsc44/bsc44529/datasets/post_processed/59300000_5features_4targets/3d_high_pressure_turbulent_channel_flow_53900000.npz']

validation_filename: ['/gpfs/scratch/bsc44/bsc44529/datasets/post_processed/59300000_5features_4targets/3d_high_pressure_turbulent_channel_flow_59300000.npz']

spatial_dimension: [128, 128, 128]

features_limits: {'y': [0.0, 0.0002], 'u': [-0.1, 3.5], 'TKE_normalized': [0.0, 0.2], 'vorticity_magn_normalized': [0.0, 55.0], 'enstrophy_normalized': [0.0, 1400.0]}

targets_limits: {'c_p': [1500.0, 3900.0], 'rho': [140.0, 850.0], 'T': [90.0, 200.0]}

learning_rate: 0.001

lr_decay: exp

lr_decay_rate: 0.1

lr_decay_step: 5.0

lr_scheduler_call_frequency: epoch

lr_verbose: 1

early_stopping_min_delta: 0.0001

early_stopping_patience: 5

early_stopping_start_from_epoch: 0

optimizer: Adam

loss: Supervised_PINNS

metrics: ['MSE', 'RSE', 'RAE', 'RAE_target_0', 'RAE_target_1', 'RAE_target_2', 'RE_RealGasEq', 'RE_CpEq']

Supervised_PINNS_weights: [0.8, 0.1, 0.1]

Supervised_PINNS_weights_first_epoch: [1.0, 0.0, 0.0]

num_hidden_layers: 6

num_neurons_per_layer: 16

activation_function: relu

initializer_type: normal

seed: 2

regularizer_type: L2

regularizer_factor: 0.01

num_epochs: 100

batch_size: 64

batch_size_validation: 2097152

num_batches_per_print_information: 5000

make_plots: False

visualization_step: 500

Substance: N2

P_constant: 6791600.0

eps: 1e-05

num_features: 2

num_targets: 3


Shape training features: (2097152, 2)
Shape training targets: (2097152, 3)

Features name: ['u', 'TKE_normalized']
Targets name: ['c_p', 'rho', 'T']

Training Number of Batches per Epoch: 32768, with number of samples 2097152 and batch size 64

Min-Max Scaler to feature 'u', from (min, max) = (-0.1000, 3.5000) to (0, 1)
Min-Max after scaling,  training  dataset: (0.0288,0.8573)
Min-Max after scaling, validation dataset: (0.0288,0.9207)

Min-Max Scaler to feature 'TKE_normalized', from (min, max) = (0.0000, 0.2000) to (0, 1)
Min-Max after scaling,  training  dataset: (0.0000,0.9108)
Min-Max after scaling, validation dataset: (0.0000,0.8237)

Min-Max Scaler to target 'c_p', from (min, max) = (1500.0000, 3900.0000) to (0, 1)
Min-Max after scaling,  training  dataset: (0.0152,0.9889)
Min-Max after scaling, validation dataset: (0.0143,0.9891)

Min-Max Scaler to target 'rho', from (min, max) = (140.0000, 850.0000) to (0, 1)
Min-Max after scaling,  training  dataset: (0.0112,0.9844)
Min-Max after scaling, validation dataset: (0.0109,0.9844)

Min-Max Scaler to target 'T', from (min, max) = (90.0000, 200.0000) to (0, 1)
Min-Max after scaling,  training  dataset: (0.0429,0.9009)
Min-Max after scaling, validation dataset: (0.0430,0.9026)

Dataset Training: 
<BatchDataset shapes: ((None, 2), (None, 3)), types: (tf.float32, tf.float32)>

Dataset Validation: 
<BatchDataset shapes: ((None, 2), (None, 3)), types: (tf.float32, tf.float32)>
Model: "model"
_________________________________________________________________
Layer (type)                 Output Shape              Param #   
=================================================================
input_1 (InputLayer)         [(None, 2)]               0         
_________________________________________________________________
dense (Dense)                (None, 16)                48        
_________________________________________________________________
dense_1 (Dense)              (None, 16)                272       
_________________________________________________________________
dense_2 (Dense)              (None, 16)                272       
_________________________________________________________________
dense_3 (Dense)              (None, 16)                272       
_________________________________________________________________
dense_4 (Dense)              (None, 16)                272       
_________________________________________________________________
dense_5 (Dense)              (None, 16)                272       
_________________________________________________________________
dense_6 (Dense)              (None, 3)                 51        
=================================================================
Total params: 1,459
Trainable params: 1,459
Non-trainable params: 0
_________________________________________________________________
None
Learning rate scheduler defined. Learning rate will decay exponentially, with:
    initial learning rate: 1.0000e-03
    decay rate: 1.0000e-01
    decay step: 5.0000e+00

Epoch 0: LearningRateScheduler setting learning rate to 0.001.

Epoch 1: LearningRateScheduler setting learning rate to 0.0006309573444801933.

Epoch 2: LearningRateScheduler setting learning rate to 0.00039810717055349724.

Epoch 3: LearningRateScheduler setting learning rate to 0.000251188643150958.

Epoch 4: LearningRateScheduler setting learning rate to 0.00015848931924611134.

Epoch 5: LearningRateScheduler setting learning rate to 0.0001.
Epoch 6: early stopping

----------------------------------------------------------------------------------
----------------------------------------------------------------------------------
                                  Seed: 3
----------------------------------------------------------------------------------
----------------------------------------------------------------------------------

-----------------------------------------------------------------------------
Training Epoch: 0
Supervised PINNS Loss weights are set to: [1.0, 0.0, 0.0]
    Batch: 5000 || Loss 'Supervised_PINNS': 0.010056478
    Batch: 10000 || Loss 'Supervised_PINNS': 0.0115817757
    Batch: 15000 || Loss 'Supervised_PINNS': 0.00671645859
    Batch: 20000 || Loss 'Supervised_PINNS': 0.00921876263
    Batch: 25000 || Loss 'Supervised_PINNS': 0.00747006573
    Batch: 30000 || Loss 'Supervised_PINNS': 0.010650523
Loss 'Supervised_PINNS': 0.0127148768
Current Time: 23:22:23

-----------------------------------------------------------------------------
Validation Epoch 0
Loss 'Supervised_PINNS': 0.0133127719
Metric ['MSE', 'RSE', 'RAE', 'RAE_target_0', 'RAE_target_1', 'RAE_target_2', 'RE_RealGasEq', 'RE_CpEq']:
 [0.0133127719 13.5322828 0.424254686 0.217537537 0.917607188 0.137619317 0.0802176371 0.0523771383]
Current Time: 23:22:30

-----------------------------------------------------------------------------
Training Epoch: 1
Supervised PINNS Loss weights are set to: [0.8, 0.1, 0.1]
    Batch: 5000 || Loss 'Supervised_PINNS': 0.00799611397
    Batch: 10000 || Loss 'Supervised_PINNS': 0.00785195269
    Batch: 15000 || Loss 'Supervised_PINNS': 0.0114130639
    Batch: 20000 || Loss 'Supervised_PINNS': 0.00847654697
    Batch: 25000 || Loss 'Supervised_PINNS': 0.00476918835
    Batch: 30000 || Loss 'Supervised_PINNS': 0.00620562444
Loss 'Supervised_PINNS': 0.00779383257
Current Time: 23:27:05

-----------------------------------------------------------------------------
Validation Epoch 1
Loss 'Supervised_PINNS': 0.0109822415
Metric ['MSE', 'RSE', 'RAE', 'RAE_target_0', 'RAE_target_1', 'RAE_target_2', 'RE_RealGasEq', 'RE_CpEq']:
 [0.0109822415 9.1425066 0.34737286 0.190661758 0.720913768 0.130543053 0.0411627218 0.0361380316]
Current Time: 23:27:10

-----------------------------------------------------------------------------
Training Epoch: 2
    Batch: 5000 || Loss 'Supervised_PINNS': 0.00489588501
    Batch: 10000 || Loss 'Supervised_PINNS': 0.00829357933
    Batch: 15000 || Loss 'Supervised_PINNS': 0.00719336
    Batch: 20000 || Loss 'Supervised_PINNS': 0.00333400886
    Batch: 25000 || Loss 'Supervised_PINNS': 0.00897348393
    Batch: 30000 || Loss 'Supervised_PINNS': 0.00391316926
Loss 'Supervised_PINNS': 0.00709267845
Current Time: 23:31:45

-----------------------------------------------------------------------------
Validation Epoch 2
Loss 'Supervised_PINNS': 0.00930516422
Metric ['MSE', 'RSE', 'RAE', 'RAE_target_0', 'RAE_target_1', 'RAE_target_2', 'RE_RealGasEq', 'RE_CpEq']:
 [0.00930516422 2.61198783 0.236467198 0.16015996 0.42464754 0.12459407 0.026010545 0.0205761474]
Current Time: 23:31:50

-----------------------------------------------------------------------------
Training Epoch: 3
    Batch: 5000 || Loss 'Supervised_PINNS': 0.00491187163
    Batch: 10000 || Loss 'Supervised_PINNS': 0.00607062131
    Batch: 15000 || Loss 'Supervised_PINNS': 0.0046117045
    Batch: 20000 || Loss 'Supervised_PINNS': 0.00536664
    Batch: 25000 || Loss 'Supervised_PINNS': 0.00442496361
    Batch: 30000 || Loss 'Supervised_PINNS': 0.00531710358
Loss 'Supervised_PINNS': 0.00678732153
Current Time: 23:36:25

-----------------------------------------------------------------------------
Validation Epoch 3
Loss 'Supervised_PINNS': 0.009870735
Metric ['MSE', 'RSE', 'RAE', 'RAE_target_0', 'RAE_target_1', 'RAE_target_2', 'RE_RealGasEq', 'RE_CpEq']:
 [0.009870735 3.64332771 0.252494603 0.164592028 0.471133709 0.121758148 0.0243959874 0.020487383]
Current Time: 23:36:30

-----------------------------------------------------------------------------
Training Epoch: 4
    Batch: 5000 || Loss 'Supervised_PINNS': 0.00388784637
    Batch: 10000 || Loss 'Supervised_PINNS': 0.00720718876
    Batch: 15000 || Loss 'Supervised_PINNS': 0.00345414411
    Batch: 20000 || Loss 'Supervised_PINNS': 0.00370995025
    Batch: 25000 || Loss 'Supervised_PINNS': 0.0057801283
    Batch: 30000 || Loss 'Supervised_PINNS': 0.00665141782
Loss 'Supervised_PINNS': 0.00665936898
Current Time: 23:41:04

-----------------------------------------------------------------------------
Validation Epoch 4
Loss 'Supervised_PINNS': 0.00981918443
Metric ['MSE', 'RSE', 'RAE', 'RAE_target_0', 'RAE_target_1', 'RAE_target_2', 'RE_RealGasEq', 'RE_CpEq']:
 [0.00981918443 3.00028157 0.240062222 0.158639029 0.443885565 0.117662027 0.0270890165 0.0259007476]
Current Time: 23:41:09

-----------------------------------------------------------------------------
Training Epoch: 5
    Batch: 5000 || Loss 'Supervised_PINNS': 0.00411301292
    Batch: 10000 || Loss 'Supervised_PINNS': 0.00513669429
    Batch: 15000 || Loss 'Supervised_PINNS': 0.00623975322
    Batch: 20000 || Loss 'Supervised_PINNS': 0.00939015299
    Batch: 25000 || Loss 'Supervised_PINNS': 0.0048915185
    Batch: 30000 || Loss 'Supervised_PINNS': 0.00390516897
Loss 'Supervised_PINNS': 0.00659800181
Current Time: 23:45:44

-----------------------------------------------------------------------------
Validation Epoch 5
Loss 'Supervised_PINNS': 0.00920815114
Metric ['MSE', 'RSE', 'RAE', 'RAE_target_0', 'RAE_target_1', 'RAE_target_2', 'RE_RealGasEq', 'RE_CpEq']:
 [0.00920815 2.09062576 0.222444415 0.154414088 0.388994634 0.123924494 0.0252407286 0.0250457525]
Current Time: 23:45:49

-----------------------------------------------------------------------------
Training Epoch: 6
    Batch: 5000 || Loss 'Supervised_PINNS': 0.00339315669
    Batch: 10000 || Loss 'Supervised_PINNS': 0.00615090085
    Batch: 15000 || Loss 'Supervised_PINNS': 0.00286377431
    Batch: 20000 || Loss 'Supervised_PINNS': 0.00743705081
    Batch: 25000 || Loss 'Supervised_PINNS': 0.00684821839
    Batch: 30000 || Loss 'Supervised_PINNS': 0.00541082025
Loss 'Supervised_PINNS': 0.00655850582
Current Time: 23:50:30

-----------------------------------------------------------------------------
Validation Epoch 6
Loss 'Supervised_PINNS': 0.00988916587
Metric ['MSE', 'RSE', 'RAE', 'RAE_target_0', 'RAE_target_1', 'RAE_target_2', 'RE_RealGasEq', 'RE_CpEq']:
 [0.00988916587 2.3398416 0.232698843 0.164228871 0.411479443 0.122388199 0.0215672199 0.0210446492]
Current Time: 23:50:35

-----------------------------------------------------------------------------
Training Epoch: 7
    Batch: 5000 || Loss 'Supervised_PINNS': 0.0135410717
    Batch: 10000 || Loss 'Supervised_PINNS': 0.00347642764
    Batch: 15000 || Loss 'Supervised_PINNS': 0.00308338646
    Batch: 20000 || Loss 'Supervised_PINNS': 0.00763732195
    Batch: 25000 || Loss 'Supervised_PINNS': 0.00544394786
    Batch: 30000 || Loss 'Supervised_PINNS': 0.00713054417
Loss 'Supervised_PINNS': 0.0065280688
Current Time: 23:55:11

-----------------------------------------------------------------------------
Validation Epoch 7
Loss 'Supervised_PINNS': 0.00978086
Metric ['MSE', 'RSE', 'RAE', 'RAE_target_0', 'RAE_target_1', 'RAE_target_2', 'RE_RealGasEq', 'RE_CpEq']:
 [0.00978086 2.83882308 0.239294425 0.163402975 0.436289191 0.118191078 0.0224456154 0.022433022]
Current Time: 23:55:16

-----------------------------------------------------------------------------
Training Epoch: 8
    Batch: 5000 || Loss 'Supervised_PINNS': 0.0047259205
    Batch: 10000 || Loss 'Supervised_PINNS': 0.00916532706
    Batch: 15000 || Loss 'Supervised_PINNS': 0.0058320947
    Batch: 20000 || Loss 'Supervised_PINNS': 0.0101556489
    Batch: 25000 || Loss 'Supervised_PINNS': 0.0044227303
    Batch: 30000 || Loss 'Supervised_PINNS': 0.00354704261
Loss 'Supervised_PINNS': 0.00651258416
Current Time: 23:59:51

-----------------------------------------------------------------------------
Validation Epoch 8
Loss 'Supervised_PINNS': 0.00961328577
Metric ['MSE', 'RSE', 'RAE', 'RAE_target_0', 'RAE_target_1', 'RAE_target_2', 'RE_RealGasEq', 'RE_CpEq']:
 [0.00961328577 2.91852975 0.237110719 0.158459932 0.434387594 0.118484646 0.0207844339 0.0224850643]
Current Time: 23:59:55

-----------------------------------------------------------------------------
Training Epoch: 9
    Batch: 5000 || Loss 'Supervised_PINNS': 0.00661871955
    Batch: 10000 || Loss 'Supervised_PINNS': 0.00462247059
    Batch: 15000 || Loss 'Supervised_PINNS': 0.00412931526
    Batch: 20000 || Loss 'Supervised_PINNS': 0.00437877
    Batch: 25000 || Loss 'Supervised_PINNS': 0.00651466055
    Batch: 30000 || Loss 'Supervised_PINNS': 0.00592942163
Loss 'Supervised_PINNS': 0.00650035916
Current Time: 00:04:32

-----------------------------------------------------------------------------
Validation Epoch 9
Loss 'Supervised_PINNS': 0.00964287389
Metric ['MSE', 'RSE', 'RAE', 'RAE_target_0', 'RAE_target_1', 'RAE_target_2', 'RE_RealGasEq', 'RE_CpEq']:
 [0.00964287296 2.46303773 0.231030047 0.158364296 0.412002951 0.122722954 0.0210710336 0.0229749568]
Current Time: 00:04:37

-----------------------------------------------------------------------------
Training Epoch: 10
    Batch: 5000 || Loss 'Supervised_PINNS': 0.00475450512
    Batch: 10000 || Loss 'Supervised_PINNS': 0.0062488378
    Batch: 15000 || Loss 'Supervised_PINNS': 0.00589305768
    Batch: 20000 || Loss 'Supervised_PINNS': 0.00914864521
    Batch: 25000 || Loss 'Supervised_PINNS': 0.0104963584
    Batch: 30000 || Loss 'Supervised_PINNS': 0.00568911852
Loss 'Supervised_PINNS': 0.00649134349
Current Time: 00:09:12

-----------------------------------------------------------------------------
Validation Epoch 10
Loss 'Supervised_PINNS': 0.00943519641
Metric ['MSE', 'RSE', 'RAE', 'RAE_target_0', 'RAE_target_1', 'RAE_target_2', 'RE_RealGasEq', 'RE_CpEq']:
 [0.00943519641 2.06961703 0.221393883 0.154901356 0.386358082 0.122922212 0.0211924687 0.0224234052]
Current Time: 00:09:17

-----------------------------------------------------------------------------
Training Epoch: 11
    Batch: 5000 || Loss 'Supervised_PINNS': 0.00525732
    Batch: 10000 || Loss 'Supervised_PINNS': 0.00896186661
    Batch: 15000 || Loss 'Supervised_PINNS': 0.00905082934
    Batch: 20000 || Loss 'Supervised_PINNS': 0.00535052596
    Batch: 25000 || Loss 'Supervised_PINNS': 0.00593338115
    Batch: 30000 || Loss 'Supervised_PINNS': 0.00449845241
Loss 'Supervised_PINNS': 0.0064859842
Current Time: 00:13:53

Arguments:

ndim: 3

features_idx: [1, 2]

targets_name: ['c_p', 'rho', 'T']

training_filename: ['/gpfs/scratch/bsc44/bsc44529/datasets/post_processed/59300000_5features_4targets/3d_high_pressure_turbulent_channel_flow_53900000.npz']

validation_filename: ['/gpfs/scratch/bsc44/bsc44529/datasets/post_processed/59300000_5features_4targets/3d_high_pressure_turbulent_channel_flow_59300000.npz']

spatial_dimension: [128, 128, 128]

features_limits: {'y': [0.0, 0.0002], 'u': [-0.1, 3.5], 'TKE_normalized': [0.0, 0.2], 'vorticity_magn_normalized': [0.0, 55.0], 'enstrophy_normalized': [0.0, 1400.0]}

targets_limits: {'c_p': [1500.0, 3900.0], 'rho': [140.0, 850.0], 'T': [90.0, 200.0]}

learning_rate: 0.001

lr_decay: exp

lr_decay_rate: 0.1

lr_decay_step: 5.0

lr_scheduler_call_frequency: epoch

lr_verbose: 1

early_stopping_min_delta: 0.0001

early_stopping_patience: 5

early_stopping_start_from_epoch: 0

optimizer: Adam

loss: Supervised_PINNS

metrics: ['MSE', 'RSE', 'RAE', 'RAE_target_0', 'RAE_target_1', 'RAE_target_2', 'RE_RealGasEq', 'RE_CpEq']

Supervised_PINNS_weights: [0.8, 0.1, 0.1]

Supervised_PINNS_weights_first_epoch: [1.0, 0.0, 0.0]

num_hidden_layers: 6

num_neurons_per_layer: 16

activation_function: relu

initializer_type: normal

seed: 3

regularizer_type: L2

regularizer_factor: 0.01

num_epochs: 100

batch_size: 64

batch_size_validation: 2097152

num_batches_per_print_information: 5000

make_plots: False

visualization_step: 500

Substance: N2

P_constant: 6791600.0

eps: 1e-05

num_features: 2

num_targets: 3


Shape training features: (2097152, 2)
Shape training targets: (2097152, 3)

Features name: ['u', 'TKE_normalized']
Targets name: ['c_p', 'rho', 'T']

Training Number of Batches per Epoch: 32768, with number of samples 2097152 and batch size 64

Min-Max Scaler to feature 'u', from (min, max) = (-0.1000, 3.5000) to (0, 1)
Min-Max after scaling,  training  dataset: (0.0288,0.8573)
Min-Max after scaling, validation dataset: (0.0288,0.9207)

Min-Max Scaler to feature 'TKE_normalized', from (min, max) = (0.0000, 0.2000) to (0, 1)
Min-Max after scaling,  training  dataset: (0.0000,0.9108)
Min-Max after scaling, validation dataset: (0.0000,0.8237)

Min-Max Scaler to target 'c_p', from (min, max) = (1500.0000, 3900.0000) to (0, 1)
Min-Max after scaling,  training  dataset: (0.0152,0.9889)
Min-Max after scaling, validation dataset: (0.0143,0.9891)

Min-Max Scaler to target 'rho', from (min, max) = (140.0000, 850.0000) to (0, 1)
Min-Max after scaling,  training  dataset: (0.0112,0.9844)
Min-Max after scaling, validation dataset: (0.0109,0.9844)

Min-Max Scaler to target 'T', from (min, max) = (90.0000, 200.0000) to (0, 1)
Min-Max after scaling,  training  dataset: (0.0429,0.9009)
Min-Max after scaling, validation dataset: (0.0430,0.9026)

Dataset Training: 
<BatchDataset shapes: ((None, 2), (None, 3)), types: (tf.float32, tf.float32)>

Dataset Validation: 
<BatchDataset shapes: ((None, 2), (None, 3)), types: (tf.float32, tf.float32)>
Model: "model"
_________________________________________________________________
Layer (type)                 Output Shape              Param #   
=================================================================
input_1 (InputLayer)         [(None, 2)]               0         
_________________________________________________________________
dense (Dense)                (None, 16)                48        
_________________________________________________________________
dense_1 (Dense)              (None, 16)                272       
_________________________________________________________________
dense_2 (Dense)              (None, 16)                272       
_________________________________________________________________
dense_3 (Dense)              (None, 16)                272       
_________________________________________________________________
dense_4 (Dense)              (None, 16)                272       
_________________________________________________________________
dense_5 (Dense)              (None, 16)                272       
_________________________________________________________________
dense_6 (Dense)              (None, 3)                 51        
=================================================================
Total params: 1,459
Trainable params: 1,459
Non-trainable params: 0
_________________________________________________________________
None
Learning rate scheduler defined. Learning rate will decay exponentially, with:
    initial learning rate: 1.0000e-03
    decay rate: 1.0000e-01
    decay step: 5.0000e+00

Epoch 0: LearningRateScheduler setting learning rate to 0.001.

Epoch 1: LearningRateScheduler setting learning rate to 0.0006309573444801933.

Epoch 2: LearningRateScheduler setting learning rate to 0.00039810717055349724.

Epoch 3: LearningRateScheduler setting learning rate to 0.000251188643150958.

Epoch 4: LearningRateScheduler setting learning rate to 0.00015848931924611134.

Epoch 5: LearningRateScheduler setting learning rate to 0.0001.

Epoch 6: LearningRateScheduler setting learning rate to 6.309573444801933e-05.

Epoch 7: LearningRateScheduler setting learning rate to 3.9810717055349735e-05.

Epoch 8: LearningRateScheduler setting learning rate to 2.5118864315095798e-05.

Epoch 9: LearningRateScheduler setting learning rate to 1.5848931924611134e-05.

Epoch 10: LearningRateScheduler setting learning rate to 1.0000000000000003e-05.

Epoch 11: LearningRateScheduler setting learning rate to 6.3095734448019305e-06.
Epoch 12: early stopping

----------------------------------------------------------------------------------
----------------------------------------------------------------------------------
                                  Seed: 4
----------------------------------------------------------------------------------
----------------------------------------------------------------------------------

-----------------------------------------------------------------------------
Training Epoch: 0
Supervised PINNS Loss weights are set to: [1.0, 0.0, 0.0]
    Batch: 5000 || Loss 'Supervised_PINNS': 0.0191915557
    Batch: 10000 || Loss 'Supervised_PINNS': 0.00472449558
    Batch: 15000 || Loss 'Supervised_PINNS': 0.00801065285
    Batch: 20000 || Loss 'Supervised_PINNS': 0.0081426315
    Batch: 25000 || Loss 'Supervised_PINNS': 0.0072178538
    Batch: 30000 || Loss 'Supervised_PINNS': 0.00570899621
Loss 'Supervised_PINNS': 0.00921844598
Current Time: 00:18:36

-----------------------------------------------------------------------------
Validation Epoch 0
Loss 'Supervised_PINNS': 0.0111452537
Metric ['MSE', 'RSE', 'RAE', 'RAE_target_0', 'RAE_target_1', 'RAE_target_2', 'RE_RealGasEq', 'RE_CpEq']:
 [0.0111452537 2.34842777 0.25720498 0.168542325 0.422343701 0.180728853 0.0472518094 0.0396291874]
Current Time: 00:18:43

-----------------------------------------------------------------------------
Training Epoch: 1
Supervised PINNS Loss weights are set to: [0.8, 0.1, 0.1]
    Batch: 5000 || Loss 'Supervised_PINNS': 0.0104759252
    Batch: 10000 || Loss 'Supervised_PINNS': 0.00827608723
    Batch: 15000 || Loss 'Supervised_PINNS': 0.00450703083
    Batch: 20000 || Loss 'Supervised_PINNS': 0.00692114234
    Batch: 25000 || Loss 'Supervised_PINNS': 0.00730637601
    Batch: 30000 || Loss 'Supervised_PINNS': 0.00441157958
Loss 'Supervised_PINNS': 0.00736448308
Current Time: 00:23:18

-----------------------------------------------------------------------------
Validation Epoch 1
Loss 'Supervised_PINNS': 0.00959648471
Metric ['MSE', 'RSE', 'RAE', 'RAE_target_0', 'RAE_target_1', 'RAE_target_2', 'RE_RealGasEq', 'RE_CpEq']:
 [0.00959648471 2.6686182 0.244644895 0.162406281 0.42042008 0.151108325 0.0260652695 0.022910893]
Current Time: 00:23:23

-----------------------------------------------------------------------------
Training Epoch: 2
    Batch: 5000 || Loss 'Supervised_PINNS': 0.00298394728
    Batch: 10000 || Loss 'Supervised_PINNS': 0.00567546533
    Batch: 15000 || Loss 'Supervised_PINNS': 0.00614087097
    Batch: 20000 || Loss 'Supervised_PINNS': 0.0102004083
    Batch: 25000 || Loss 'Supervised_PINNS': 0.00364976306
    Batch: 30000 || Loss 'Supervised_PINNS': 0.00515709212
Loss 'Supervised_PINNS': 0.0069622146
Current Time: 00:27:57

-----------------------------------------------------------------------------
Validation Epoch 2
Loss 'Supervised_PINNS': 0.00946114585
Metric ['MSE', 'RSE', 'RAE', 'RAE_target_0', 'RAE_target_1', 'RAE_target_2', 'RE_RealGasEq', 'RE_CpEq']:
 [0.00946114492 2.02249122 0.215821981 0.156315595 0.354669809 0.136480495 0.0265793297 0.0213659182]
Current Time: 00:28:02

-----------------------------------------------------------------------------
Training Epoch: 3
    Batch: 5000 || Loss 'Supervised_PINNS': 0.00770049356
    Batch: 10000 || Loss 'Supervised_PINNS': 0.00535074575
    Batch: 15000 || Loss 'Supervised_PINNS': 0.00613399781
    Batch: 20000 || Loss 'Supervised_PINNS': 0.0031093508
    Batch: 25000 || Loss 'Supervised_PINNS': 0.00627180329
    Batch: 30000 || Loss 'Supervised_PINNS': 0.00661570206
Loss 'Supervised_PINNS': 0.00672148215
Current Time: 00:32:36

-----------------------------------------------------------------------------
Validation Epoch 3
Loss 'Supervised_PINNS': 0.00948488619
Metric ['MSE', 'RSE', 'RAE', 'RAE_target_0', 'RAE_target_1', 'RAE_target_2', 'RE_RealGasEq', 'RE_CpEq']:
 [0.00948488619 1.96715224 0.229383186 0.15969272 0.391965657 0.136491269 0.0263373926 0.0273476522]
Current Time: 00:32:41

-----------------------------------------------------------------------------
Training Epoch: 4
    Batch: 5000 || Loss 'Supervised_PINNS': 0.00995827094
    Batch: 10000 || Loss 'Supervised_PINNS': 0.0123498915
    Batch: 15000 || Loss 'Supervised_PINNS': 0.00999490451
    Batch: 20000 || Loss 'Supervised_PINNS': 0.00479018642
    Batch: 25000 || Loss 'Supervised_PINNS': 0.00552070141
    Batch: 30000 || Loss 'Supervised_PINNS': 0.00519044092
Loss 'Supervised_PINNS': 0.00661675818
Current Time: 00:37:18

-----------------------------------------------------------------------------
Validation Epoch 4
Loss 'Supervised_PINNS': 0.00939093158
Metric ['MSE', 'RSE', 'RAE', 'RAE_target_0', 'RAE_target_1', 'RAE_target_2', 'RE_RealGasEq', 'RE_CpEq']:
 [0.00939093158 2.85230899 0.234089896 0.157510594 0.431185901 0.113573186 0.0215246379 0.022334611]
Current Time: 00:37:23

-----------------------------------------------------------------------------
Training Epoch: 5
    Batch: 5000 || Loss 'Supervised_PINNS': 0.0110917874
    Batch: 10000 || Loss 'Supervised_PINNS': 0.00476546
    Batch: 15000 || Loss 'Supervised_PINNS': 0.0041168551
    Batch: 20000 || Loss 'Supervised_PINNS': 0.0104214801
    Batch: 25000 || Loss 'Supervised_PINNS': 0.00482501043
    Batch: 30000 || Loss 'Supervised_PINNS': 0.00381352124
Loss 'Supervised_PINNS': 0.00655597355
Current Time: 00:42:04

-----------------------------------------------------------------------------
Validation Epoch 5
Loss 'Supervised_PINNS': 0.0101960422
Metric ['MSE', 'RSE', 'RAE', 'RAE_target_0', 'RAE_target_1', 'RAE_target_2', 'RE_RealGasEq', 'RE_CpEq']:
 [0.0101960413 2.9110527 0.246959686 0.168949649 0.453252 0.118677415 0.0263025407 0.0224937629]
Current Time: 00:42:09

-----------------------------------------------------------------------------
Training Epoch: 6
    Batch: 5000 || Loss 'Supervised_PINNS': 0.00310328952
    Batch: 10000 || Loss 'Supervised_PINNS': 0.0164770838
    Batch: 15000 || Loss 'Supervised_PINNS': 0.00292949402
    Batch: 20000 || Loss 'Supervised_PINNS': 0.00763478363
    Batch: 25000 || Loss 'Supervised_PINNS': 0.00551580219
    Batch: 30000 || Loss 'Supervised_PINNS': 0.00991431624
Loss 'Supervised_PINNS': 0.00651548849
Current Time: 00:46:45

-----------------------------------------------------------------------------
Validation Epoch 6
Loss 'Supervised_PINNS': 0.00969489664
Metric ['MSE', 'RSE', 'RAE', 'RAE_target_0', 'RAE_target_1', 'RAE_target_2', 'RE_RealGasEq', 'RE_CpEq']:
 [0.00969489571 2.50645328 0.235142067 0.160866514 0.417247176 0.127312496 0.0208918657 0.0212029777]
Current Time: 00:46:50

-----------------------------------------------------------------------------
Training Epoch: 7
    Batch: 5000 || Loss 'Supervised_PINNS': 0.0037246549
    Batch: 10000 || Loss 'Supervised_PINNS': 0.00298372912
    Batch: 15000 || Loss 'Supervised_PINNS': 0.00681861257
    Batch: 20000 || Loss 'Supervised_PINNS': 0.00733546307
    Batch: 25000 || Loss 'Supervised_PINNS': 0.00355166942
    Batch: 30000 || Loss 'Supervised_PINNS': 0.00541781029
Loss 'Supervised_PINNS': 0.00649293698
Current Time: 00:51:26

-----------------------------------------------------------------------------
Validation Epoch 7
Loss 'Supervised_PINNS': 0.00974410772
Metric ['MSE', 'RSE', 'RAE', 'RAE_target_0', 'RAE_target_1', 'RAE_target_2', 'RE_RealGasEq', 'RE_CpEq']:
 [0.00974410772 2.56026983 0.23439987 0.161599308 0.420312375 0.121287949 0.0213315096 0.0195801742]
Current Time: 00:51:31

-----------------------------------------------------------------------------
Training Epoch: 8
    Batch: 5000 || Loss 'Supervised_PINNS': 0.00766759785
    Batch: 10000 || Loss 'Supervised_PINNS': 0.00458185328
    Batch: 15000 || Loss 'Supervised_PINNS': 0.00308521208
    Batch: 20000 || Loss 'Supervised_PINNS': 0.0058336067
    Batch: 25000 || Loss 'Supervised_PINNS': 0.00435834
    Batch: 30000 || Loss 'Supervised_PINNS': 0.00617369404
Loss 'Supervised_PINNS': 0.00647310168
Current Time: 00:56:08

-----------------------------------------------------------------------------
Validation Epoch 8
Loss 'Supervised_PINNS': 0.009436219
Metric ['MSE', 'RSE', 'RAE', 'RAE_target_0', 'RAE_target_1', 'RAE_target_2', 'RE_RealGasEq', 'RE_CpEq']:
 [0.00943621714 1.96481073 0.222924784 0.155022934 0.387795597 0.12595582 0.0217484441 0.0196181219]
Current Time: 00:56:13

-----------------------------------------------------------------------------
Training Epoch: 9
    Batch: 5000 || Loss 'Supervised_PINNS': 0.00570595404
    Batch: 10000 || Loss 'Supervised_PINNS': 0.00346148829
    Batch: 15000 || Loss 'Supervised_PINNS': 0.00320307165
    Batch: 20000 || Loss 'Supervised_PINNS': 0.0109789772
    Batch: 25000 || Loss 'Supervised_PINNS': 0.00500306068
    Batch: 30000 || Loss 'Supervised_PINNS': 0.00811793376
Loss 'Supervised_PINNS': 0.00646583922
Current Time: 01:00:49

-----------------------------------------------------------------------------
Validation Epoch 9
Loss 'Supervised_PINNS': 0.00945843
Metric ['MSE', 'RSE', 'RAE', 'RAE_target_0', 'RAE_target_1', 'RAE_target_2', 'RE_RealGasEq', 'RE_CpEq']:
 [0.00945842918 2.12106 0.219987035 0.152550951 0.387277782 0.120132297 0.0211342964 0.0200345591]
Current Time: 01:00:54

-----------------------------------------------------------------------------
Training Epoch: 10
    Batch: 5000 || Loss 'Supervised_PINNS': 0.0173766222
    Batch: 10000 || Loss 'Supervised_PINNS': 0.00516550709
    Batch: 15000 || Loss 'Supervised_PINNS': 0.00371168717
    Batch: 20000 || Loss 'Supervised_PINNS': 0.00632647751
    Batch: 25000 || Loss 'Supervised_PINNS': 0.0176528823
    Batch: 30000 || Loss 'Supervised_PINNS': 0.0132340603
Loss 'Supervised_PINNS': 0.00645951973
Current Time: 01:05:31

-----------------------------------------------------------------------------
Validation Epoch 10
Loss 'Supervised_PINNS': 0.00957489479
Metric ['MSE', 'RSE', 'RAE', 'RAE_target_0', 'RAE_target_1', 'RAE_target_2', 'RE_RealGasEq', 'RE_CpEq']:
 [0.00957489479 2.15983605 0.22482723 0.155092746 0.398123324 0.121265553 0.0215193331 0.0207566097]
Current Time: 01:05:35

-----------------------------------------------------------------------------
Training Epoch: 11
    Batch: 5000 || Loss 'Supervised_PINNS': 0.0056845448
    Batch: 10000 || Loss 'Supervised_PINNS': 0.00431620143
    Batch: 15000 || Loss 'Supervised_PINNS': 0.00684987893
    Batch: 20000 || Loss 'Supervised_PINNS': 0.00840345398
    Batch: 25000 || Loss 'Supervised_PINNS': 0.00541870715
    Batch: 30000 || Loss 'Supervised_PINNS': 0.00340018491
Loss 'Supervised_PINNS': 0.00645493437
Current Time: 01:10:12

Arguments:

ndim: 3

features_idx: [1, 2]

targets_name: ['c_p', 'rho', 'T']

training_filename: ['/gpfs/scratch/bsc44/bsc44529/datasets/post_processed/59300000_5features_4targets/3d_high_pressure_turbulent_channel_flow_53900000.npz']

validation_filename: ['/gpfs/scratch/bsc44/bsc44529/datasets/post_processed/59300000_5features_4targets/3d_high_pressure_turbulent_channel_flow_59300000.npz']

spatial_dimension: [128, 128, 128]

features_limits: {'y': [0.0, 0.0002], 'u': [-0.1, 3.5], 'TKE_normalized': [0.0, 0.2], 'vorticity_magn_normalized': [0.0, 55.0], 'enstrophy_normalized': [0.0, 1400.0]}

targets_limits: {'c_p': [1500.0, 3900.0], 'rho': [140.0, 850.0], 'T': [90.0, 200.0]}

learning_rate: 0.001

lr_decay: exp

lr_decay_rate: 0.1

lr_decay_step: 5.0

lr_scheduler_call_frequency: epoch

lr_verbose: 1

early_stopping_min_delta: 0.0001

early_stopping_patience: 5

early_stopping_start_from_epoch: 0

optimizer: Adam

loss: Supervised_PINNS

metrics: ['MSE', 'RSE', 'RAE', 'RAE_target_0', 'RAE_target_1', 'RAE_target_2', 'RE_RealGasEq', 'RE_CpEq']

Supervised_PINNS_weights: [0.8, 0.1, 0.1]

Supervised_PINNS_weights_first_epoch: [1.0, 0.0, 0.0]

num_hidden_layers: 6

num_neurons_per_layer: 16

activation_function: relu

initializer_type: normal

seed: 4

regularizer_type: L2

regularizer_factor: 0.01

num_epochs: 100

batch_size: 64

batch_size_validation: 2097152

num_batches_per_print_information: 5000

make_plots: False

visualization_step: 500

Substance: N2

P_constant: 6791600.0

eps: 1e-05

num_features: 2

num_targets: 3


Shape training features: (2097152, 2)
Shape training targets: (2097152, 3)

Features name: ['u', 'TKE_normalized']
Targets name: ['c_p', 'rho', 'T']

Training Number of Batches per Epoch: 32768, with number of samples 2097152 and batch size 64

Min-Max Scaler to feature 'u', from (min, max) = (-0.1000, 3.5000) to (0, 1)
Min-Max after scaling,  training  dataset: (0.0288,0.8573)
Min-Max after scaling, validation dataset: (0.0288,0.9207)

Min-Max Scaler to feature 'TKE_normalized', from (min, max) = (0.0000, 0.2000) to (0, 1)
Min-Max after scaling,  training  dataset: (0.0000,0.9108)
Min-Max after scaling, validation dataset: (0.0000,0.8237)

Min-Max Scaler to target 'c_p', from (min, max) = (1500.0000, 3900.0000) to (0, 1)
Min-Max after scaling,  training  dataset: (0.0152,0.9889)
Min-Max after scaling, validation dataset: (0.0143,0.9891)

Min-Max Scaler to target 'rho', from (min, max) = (140.0000, 850.0000) to (0, 1)
Min-Max after scaling,  training  dataset: (0.0112,0.9844)
Min-Max after scaling, validation dataset: (0.0109,0.9844)

Min-Max Scaler to target 'T', from (min, max) = (90.0000, 200.0000) to (0, 1)
Min-Max after scaling,  training  dataset: (0.0429,0.9009)
Min-Max after scaling, validation dataset: (0.0430,0.9026)

Dataset Training: 
<BatchDataset shapes: ((None, 2), (None, 3)), types: (tf.float32, tf.float32)>

Dataset Validation: 
<BatchDataset shapes: ((None, 2), (None, 3)), types: (tf.float32, tf.float32)>
Model: "model"
_________________________________________________________________
Layer (type)                 Output Shape              Param #   
=================================================================
input_1 (InputLayer)         [(None, 2)]               0         
_________________________________________________________________
dense (Dense)                (None, 16)                48        
_________________________________________________________________
dense_1 (Dense)              (None, 16)                272       
_________________________________________________________________
dense_2 (Dense)              (None, 16)                272       
_________________________________________________________________
dense_3 (Dense)              (None, 16)                272       
_________________________________________________________________
dense_4 (Dense)              (None, 16)                272       
_________________________________________________________________
dense_5 (Dense)              (None, 16)                272       
_________________________________________________________________
dense_6 (Dense)              (None, 3)                 51        
=================================================================
Total params: 1,459
Trainable params: 1,459
Non-trainable params: 0
_________________________________________________________________
None
Learning rate scheduler defined. Learning rate will decay exponentially, with:
    initial learning rate: 1.0000e-03
    decay rate: 1.0000e-01
    decay step: 5.0000e+00

Epoch 0: LearningRateScheduler setting learning rate to 0.001.

Epoch 1: LearningRateScheduler setting learning rate to 0.0006309573444801933.

Epoch 2: LearningRateScheduler setting learning rate to 0.00039810717055349724.

Epoch 3: LearningRateScheduler setting learning rate to 0.000251188643150958.

Epoch 4: LearningRateScheduler setting learning rate to 0.00015848931924611134.

Epoch 5: LearningRateScheduler setting learning rate to 0.0001.

Epoch 6: LearningRateScheduler setting learning rate to 6.309573444801933e-05.

Epoch 7: LearningRateScheduler setting learning rate to 3.9810717055349735e-05.

Epoch 8: LearningRateScheduler setting learning rate to 2.5118864315095798e-05.

Epoch 9: LearningRateScheduler setting learning rate to 1.5848931924611134e-05.

Epoch 10: LearningRateScheduler setting learning rate to 1.0000000000000003e-05.

Epoch 11: LearningRateScheduler setting learning rate to 6.3095734448019305e-06.
Epoch 12: early stopping

----------------------------------------------------------------------------------
----------------------------------------------------------------------------------
                                  Seed: 5
----------------------------------------------------------------------------------
----------------------------------------------------------------------------------

-----------------------------------------------------------------------------
Training Epoch: 0
Supervised PINNS Loss weights are set to: [1.0, 0.0, 0.0]
    Batch: 5000 || Loss 'Supervised_PINNS': 0.350877613
    Batch: 10000 || Loss 'Supervised_PINNS': 0.338851452
    Batch: 15000 || Loss 'Supervised_PINNS': 0.334855646
    Batch: 20000 || Loss 'Supervised_PINNS': 0.342292428
    Batch: 25000 || Loss 'Supervised_PINNS': 0.331927121
    Batch: 30000 || Loss 'Supervised_PINNS': 0.342480928
Loss 'Supervised_PINNS': 0.335562319
Current Time: 01:14:59

-----------------------------------------------------------------------------
Validation Epoch 0
Loss 'Supervised_PINNS': 0.335249513
Metric ['MSE', 'RSE', 'RAE', 'RAE_target_0', 'RAE_target_1', 'RAE_target_2', 'RE_RealGasEq', 'RE_CpEq']:
 [0.335249513 1 1 1 1 1 0.880537 2.88892913]
Current Time: 01:15:07

-----------------------------------------------------------------------------
Training Epoch: 1
Supervised PINNS Loss weights are set to: [0.8, 0.1, 0.1]
    Batch: 5000 || Loss 'Supervised_PINNS': 0.322677642
    Batch: 10000 || Loss 'Supervised_PINNS': 0.339950174
    Batch: 15000 || Loss 'Supervised_PINNS': 0.327360421
    Batch: 20000 || Loss 'Supervised_PINNS': 0.323305756
    Batch: 25000 || Loss 'Supervised_PINNS': 0.333444476
    Batch: 30000 || Loss 'Supervised_PINNS': 0.339663655
Loss 'Supervised_PINNS': 0.335562646
Current Time: 01:19:47

-----------------------------------------------------------------------------
Validation Epoch 1
Loss 'Supervised_PINNS': 0.335249513
Metric ['MSE', 'RSE', 'RAE', 'RAE_target_0', 'RAE_target_1', 'RAE_target_2', 'RE_RealGasEq', 'RE_CpEq']:
 [0.335249513 1 1 1 1 1 0.880537 2.88892913]
Current Time: 01:19:52

-----------------------------------------------------------------------------
Training Epoch: 2
    Batch: 5000 || Loss 'Supervised_PINNS': 0.338642627
    Batch: 10000 || Loss 'Supervised_PINNS': 0.352981448
    Batch: 15000 || Loss 'Supervised_PINNS': 0.332721025
    Batch: 20000 || Loss 'Supervised_PINNS': 0.344091773
    Batch: 25000 || Loss 'Supervised_PINNS': 0.328975797
    Batch: 30000 || Loss 'Supervised_PINNS': 0.344769806
Loss 'Supervised_PINNS': 0.335562706
Current Time: 01:24:29

-----------------------------------------------------------------------------
Validation Epoch 2
Loss 'Supervised_PINNS': 0.335249513
Metric ['MSE', 'RSE', 'RAE', 'RAE_target_0', 'RAE_target_1', 'RAE_target_2', 'RE_RealGasEq', 'RE_CpEq']:
 [0.335249513 1 1 1 1 1 0.880537 2.88892913]
Current Time: 01:24:34

-----------------------------------------------------------------------------
Training Epoch: 3
    Batch: 5000 || Loss 'Supervised_PINNS': 0.338366896
    Batch: 10000 || Loss 'Supervised_PINNS': 0.334221363
    Batch: 15000 || Loss 'Supervised_PINNS': 0.323204488
    Batch: 20000 || Loss 'Supervised_PINNS': 0.312849283
    Batch: 25000 || Loss 'Supervised_PINNS': 0.345051765
    Batch: 30000 || Loss 'Supervised_PINNS': 0.344162375
Loss 'Supervised_PINNS': 0.335562
Current Time: 01:29:13

-----------------------------------------------------------------------------
Validation Epoch 3
Loss 'Supervised_PINNS': 0.335249513
Metric ['MSE', 'RSE', 'RAE', 'RAE_target_0', 'RAE_target_1', 'RAE_target_2', 'RE_RealGasEq', 'RE_CpEq']:
 [0.335249513 1 1 1 1 1 0.880537 2.88892913]
Current Time: 01:29:19

-----------------------------------------------------------------------------
Training Epoch: 4
    Batch: 5000 || Loss 'Supervised_PINNS': 0.339792043
    Batch: 10000 || Loss 'Supervised_PINNS': 0.330926031
    Batch: 15000 || Loss 'Supervised_PINNS': 0.345132679
    Batch: 20000 || Loss 'Supervised_PINNS': 0.333647639
    Batch: 25000 || Loss 'Supervised_PINNS': 0.33655706
    Batch: 30000 || Loss 'Supervised_PINNS': 0.336057186
Loss 'Supervised_PINNS': 0.33556354
Current Time: 01:34:02

-----------------------------------------------------------------------------
Validation Epoch 4
Loss 'Supervised_PINNS': 0.335249513
Metric ['MSE', 'RSE', 'RAE', 'RAE_target_0', 'RAE_target_1', 'RAE_target_2', 'RE_RealGasEq', 'RE_CpEq']:
 [0.335249513 1 1 1 1 1 0.880537 2.88892913]
Current Time: 01:34:07

-----------------------------------------------------------------------------
Training Epoch: 5
    Batch: 5000 || Loss 'Supervised_PINNS': 0.339724153
    Batch: 10000 || Loss 'Supervised_PINNS': 0.319893569
    Batch: 15000 || Loss 'Supervised_PINNS': 0.341243744
    Batch: 20000 || Loss 'Supervised_PINNS': 0.343518347
    Batch: 25000 || Loss 'Supervised_PINNS': 0.338439435
    Batch: 30000 || Loss 'Supervised_PINNS': 0.332422733
Loss 'Supervised_PINNS': 0.335562736
Current Time: 01:38:48

Arguments:

ndim: 3

features_idx: [1, 2]

targets_name: ['c_p', 'rho', 'T']

training_filename: ['/gpfs/scratch/bsc44/bsc44529/datasets/post_processed/59300000_5features_4targets/3d_high_pressure_turbulent_channel_flow_53900000.npz']

validation_filename: ['/gpfs/scratch/bsc44/bsc44529/datasets/post_processed/59300000_5features_4targets/3d_high_pressure_turbulent_channel_flow_59300000.npz']

spatial_dimension: [128, 128, 128]

features_limits: {'y': [0.0, 0.0002], 'u': [-0.1, 3.5], 'TKE_normalized': [0.0, 0.2], 'vorticity_magn_normalized': [0.0, 55.0], 'enstrophy_normalized': [0.0, 1400.0]}

targets_limits: {'c_p': [1500.0, 3900.0], 'rho': [140.0, 850.0], 'T': [90.0, 200.0]}

learning_rate: 0.001

lr_decay: exp

lr_decay_rate: 0.1

lr_decay_step: 5.0

lr_scheduler_call_frequency: epoch

lr_verbose: 1

early_stopping_min_delta: 0.0001

early_stopping_patience: 5

early_stopping_start_from_epoch: 0

optimizer: Adam

loss: Supervised_PINNS

metrics: ['MSE', 'RSE', 'RAE', 'RAE_target_0', 'RAE_target_1', 'RAE_target_2', 'RE_RealGasEq', 'RE_CpEq']

Supervised_PINNS_weights: [0.8, 0.1, 0.1]

Supervised_PINNS_weights_first_epoch: [1.0, 0.0, 0.0]

num_hidden_layers: 6

num_neurons_per_layer: 16

activation_function: relu

initializer_type: normal

seed: 5

regularizer_type: L2

regularizer_factor: 0.01

num_epochs: 100

batch_size: 64

batch_size_validation: 2097152

num_batches_per_print_information: 5000

make_plots: False

visualization_step: 500

Substance: N2

P_constant: 6791600.0

eps: 1e-05

num_features: 2

num_targets: 3


Shape training features: (2097152, 2)
Shape training targets: (2097152, 3)

Features name: ['u', 'TKE_normalized']
Targets name: ['c_p', 'rho', 'T']

Training Number of Batches per Epoch: 32768, with number of samples 2097152 and batch size 64

Min-Max Scaler to feature 'u', from (min, max) = (-0.1000, 3.5000) to (0, 1)
Min-Max after scaling,  training  dataset: (0.0288,0.8573)
Min-Max after scaling, validation dataset: (0.0288,0.9207)

Min-Max Scaler to feature 'TKE_normalized', from (min, max) = (0.0000, 0.2000) to (0, 1)
Min-Max after scaling,  training  dataset: (0.0000,0.9108)
Min-Max after scaling, validation dataset: (0.0000,0.8237)

Min-Max Scaler to target 'c_p', from (min, max) = (1500.0000, 3900.0000) to (0, 1)
Min-Max after scaling,  training  dataset: (0.0152,0.9889)
Min-Max after scaling, validation dataset: (0.0143,0.9891)

Min-Max Scaler to target 'rho', from (min, max) = (140.0000, 850.0000) to (0, 1)
Min-Max after scaling,  training  dataset: (0.0112,0.9844)
Min-Max after scaling, validation dataset: (0.0109,0.9844)

Min-Max Scaler to target 'T', from (min, max) = (90.0000, 200.0000) to (0, 1)
Min-Max after scaling,  training  dataset: (0.0429,0.9009)
Min-Max after scaling, validation dataset: (0.0430,0.9026)

Dataset Training: 
<BatchDataset shapes: ((None, 2), (None, 3)), types: (tf.float32, tf.float32)>

Dataset Validation: 
<BatchDataset shapes: ((None, 2), (None, 3)), types: (tf.float32, tf.float32)>
Model: "model"
_________________________________________________________________
Layer (type)                 Output Shape              Param #   
=================================================================
input_1 (InputLayer)         [(None, 2)]               0         
_________________________________________________________________
dense (Dense)                (None, 16)                48        
_________________________________________________________________
dense_1 (Dense)              (None, 16)                272       
_________________________________________________________________
dense_2 (Dense)              (None, 16)                272       
_________________________________________________________________
dense_3 (Dense)              (None, 16)                272       
_________________________________________________________________
dense_4 (Dense)              (None, 16)                272       
_________________________________________________________________
dense_5 (Dense)              (None, 16)                272       
_________________________________________________________________
dense_6 (Dense)              (None, 3)                 51        
=================================================================
Total params: 1,459
Trainable params: 1,459
Non-trainable params: 0
_________________________________________________________________
None
Learning rate scheduler defined. Learning rate will decay exponentially, with:
    initial learning rate: 1.0000e-03
    decay rate: 1.0000e-01
    decay step: 5.0000e+00

Epoch 0: LearningRateScheduler setting learning rate to 0.001.

Epoch 1: LearningRateScheduler setting learning rate to 0.0006309573444801933.

Epoch 2: LearningRateScheduler setting learning rate to 0.00039810717055349724.

Epoch 3: LearningRateScheduler setting learning rate to 0.000251188643150958.

Epoch 4: LearningRateScheduler setting learning rate to 0.00015848931924611134.

Epoch 5: LearningRateScheduler setting learning rate to 0.0001.
Epoch 6: early stopping
