unload PYTHON/3.7.4_ML (PATH, MANPATH, LD_LIBRARY_PATH, LIBRARY_PATH,
PKG_CONFIG_PATH, C_INCLUDE_PATH, CPLUS_INCLUDE_PATH, PYTHONHOME, PYTHONPATH,
OMPI_MCA_mpi_warn_on_fork, PROTOCOL_BUFFERS_PYTHON_IMPLEMENTATION,
PROTOCOL_BUFFERS_PYTHON_IMPLEMENTATION_VERSION) 
unload OPENCV/4.1.1 (PATH, LD_LIBRARY_PATH, LIBRARY_PATH, C_INCLUDE_PATH,
CPLUS_INCLUDE_PATH, PYTHONPATH) 
unload FFMPEG/4.2.1 (PATH, LIBRARY_PATH, PKG_CONFIG_PATH, C_INCLUDE_PATH,
CPLUS_INCLUDE_PATH) 
unload SZIP/2.1.1 (LD_LIBRARY_PATH, LIBRARY_PATH, C_INCLUDE_PATH,
CPLUS_INCLUDE_PATH) 
unload FFTW/3.3.8 (PATH, MANPATH, LD_LIBRARY_PATH, LIBRARY_PATH,
C_INCLUDE_PATH, CPLUS_INCLUDE_PATH, PKG_CONFIG_PATH) 
unload SCALAPACK/2.0.2 (LD_LIBRARY_PATH, LIBRARY_PATH, PKG_CONFIG_PATH) 
unload ATLAS/3.10.3 (LD_LIBRARY_PATH, LIBRARY_PATH, C_INCLUDE_PATH,
CPLUS_INCLUDE_PATH) 
unload OPENMPI/4.0.1 (PATH, MANPATH, LD_LIBRARY_PATH, LIBRARY_PATH,
PKG_CONFIG_PATH, C_INCLUDE_PATH, CPLUS_INCLUDE_PATH, MPI, MPI_V) 
unload TENSORRT/6.0.1 (PATH, LD_LIBRARY_PATH, LIBRARY_PATH, C_INCLUDE_PATH,
CPLUS_INCLUDE_PATH) 
unload NCCL/2.4.8 (LD_LIBRARY_PATH, LIBRARY_PATH, C_INCLUDE_PATH,
CPLUS_INCLUDE_PATH) 
unload CUDNN/7.6.4 (LD_LIBRARY_PATH, LIBRARY_PATH, C_INCLUDE_PATH,
CPLUS_INCLUDE_PATH, CUDNN_LIB_DIR, CUDNN_LIBRARY, CUDNN_INCLUDE_DIR) 
unload CUDA/10.2 (PATH, MANPATH, LD_LIBRARY_PATH, LIBRARY_PATH, C_INCLUDE_PATH,
CPLUS_INCLUDE_PATH, CUDA_HOME, CUDA_VERSION, CUDA_INC, CUDA_INSTALL_PATH) 
unload GCC/8.3.0 (PATH, MANPATH, INFOPATH, LIBRARY_PATH, LD_LIBRARY_PATH, STD
COMP VARS) 
load GCC/8.3.0 (PATH, MANPATH, INFOPATH, LIBRARY_PATH, LD_LIBRARY_PATH, STD
COMP VARS) 
load CUDA/10.2 (PATH, MANPATH, LD_LIBRARY_PATH, LIBRARY_PATH, C_INCLUDE_PATH,
CPLUS_INCLUDE_PATH, CUDA_HOME, CUDA_VERSION, CUDA_INC, CUDA_INSTALL_PATH) 
load CUDNN/7.6.4 (LD_LIBRARY_PATH, LIBRARY_PATH, C_INCLUDE_PATH,
CPLUS_INCLUDE_PATH, CUDNN_LIB_DIR, CUDNN_LIBRARY, CUDNN_INCLUDE_DIR) 
load NCCL/2.4.8 (LD_LIBRARY_PATH, LIBRARY_PATH, C_INCLUDE_PATH,
CPLUS_INCLUDE_PATH) 
load TENSORRT/6.0.1 (PATH, LD_LIBRARY_PATH, LIBRARY_PATH, C_INCLUDE_PATH,
CPLUS_INCLUDE_PATH) 
load OPENMPI/4.0.1 (PATH, MANPATH, LD_LIBRARY_PATH, LIBRARY_PATH,
PKG_CONFIG_PATH, C_INCLUDE_PATH, CPLUS_INCLUDE_PATH, MPI, MPI_V) 
load ATLAS/3.10.3 (LD_LIBRARY_PATH, LIBRARY_PATH, C_INCLUDE_PATH,
CPLUS_INCLUDE_PATH) 
load SCALAPACK/2.0.2 (LD_LIBRARY_PATH, LIBRARY_PATH, PKG_CONFIG_PATH) 
load FFTW/3.3.8 (PATH, MANPATH, LD_LIBRARY_PATH, LIBRARY_PATH, C_INCLUDE_PATH,
CPLUS_INCLUDE_PATH, PKG_CONFIG_PATH) 
load SZIP/2.1.1 (LD_LIBRARY_PATH, LIBRARY_PATH, C_INCLUDE_PATH,
CPLUS_INCLUDE_PATH) 
load FFMPEG/4.2.1 (PATH, LIBRARY_PATH, PKG_CONFIG_PATH, C_INCLUDE_PATH,
CPLUS_INCLUDE_PATH) 
load OPENCV/4.1.1 (PATH, LD_LIBRARY_PATH, LIBRARY_PATH, C_INCLUDE_PATH,
CPLUS_INCLUDE_PATH, PYTHONPATH) 
load PYTHON/3.7.4_ML (PATH, MANPATH, LD_LIBRARY_PATH, LIBRARY_PATH,
PKG_CONFIG_PATH, C_INCLUDE_PATH, CPLUS_INCLUDE_PATH, PYTHONHOME, PYTHONPATH,
OMPI_MCA_mpi_warn_on_fork, PROTOCOL_BUFFERS_PYTHON_IMPLEMENTATION,
PROTOCOL_BUFFERS_PYTHON_IMPLEMENTATION_VERSION) 
load TENSORFLOW/2.5.0 (PATH, PYTHONPATH) 
unload NCCL/2.4.8 (LD_LIBRARY_PATH, LIBRARY_PATH, C_INCLUDE_PATH,
CPLUS_INCLUDE_PATH) 
load NCCL/2.9.9 (LD_LIBRARY_PATH, LIBRARY_PATH, C_INCLUDE_PATH,
CPLUS_INCLUDE_PATH) 

The following have been reloaded with a version change:
  1) nccl/2.4.8 => nccl/2.9.9


-----------------------------------------------------------------------------
Training Epoch: 0
Supervised PINNS Loss weights are set to: [0.8, 0.1, 0.1]
    Batch: 100000 || Loss 'Supervised_PINNS': 0.0112961624
Loss 'Supervised_PINNS': 0.00760694453
Current Time: 15:18:16

-----------------------------------------------------------------------------
Validation Epoch 0
Loss 'Supervised_PINNS': 0.00755075365
Metric ['MSE', 'RSE', 'RAE', 'RAE_target_0', 'RAE_target_1', 'RAE_target_2', 'RE_RealGasEq', 'RE_CpEq']:
 [0.00678414246 0.0578398 0.0934584364 0.0798874274 0.159218863 0.0412690118 0.0170459934 0.00418840628]
Current Time: 15:18:23

-----------------------------------------------------------------------------
Training Epoch: 1
Supervised PINNS Loss weights are set to: [0.8, 0.1, 0.1]
    Batch: 100000 || Loss 'Supervised_PINNS': 0.00562485121
Loss 'Supervised_PINNS': 0.00481278775
Current Time: 15:37:03

-----------------------------------------------------------------------------
Validation Epoch 1
Loss 'Supervised_PINNS': 0.00536552072
Metric ['MSE', 'RSE', 'RAE', 'RAE_target_0', 'RAE_target_1', 'RAE_target_2', 'RE_RealGasEq', 'RE_CpEq']:
 [0.00619688397 0.0610816516 0.0872672424 0.0726571679 0.152863905 0.0362806655 0.00275799935 0.00132213358]
Current Time: 15:37:08

-----------------------------------------------------------------------------
Training Epoch: 2
    Batch: 100000 || Loss 'Supervised_PINNS': 0.00218979153
Loss 'Supervised_PINNS': 0.0040872707
Current Time: 15:55:43

-----------------------------------------------------------------------------
Validation Epoch 2
Loss 'Supervised_PINNS': 0.0043291389
Metric ['MSE', 'RSE', 'RAE', 'RAE_target_0', 'RAE_target_1', 'RAE_target_2', 'RE_RealGasEq', 'RE_CpEq']:
 [0.00473881513 0.033352688 0.0747910962 0.0701077431 0.120858468 0.033407066 0.00374672911 0.00163413887]
Current Time: 15:55:48

-----------------------------------------------------------------------------
Training Epoch: 3
    Batch: 100000 || Loss 'Supervised_PINNS': 0.00265027047
Loss 'Supervised_PINNS': 0.00331476191
Current Time: 16:14:24

-----------------------------------------------------------------------------
Validation Epoch 3
Loss 'Supervised_PINNS': 0.00410945388
Metric ['MSE', 'RSE', 'RAE', 'RAE_target_0', 'RAE_target_1', 'RAE_target_2', 'RE_RealGasEq', 'RE_CpEq']:
 [0.00481852191 0.0358303972 0.0756657794 0.068375051 0.125808701 0.0328135975 0.00176956982 0.000776793866]
Current Time: 16:14:29

-----------------------------------------------------------------------------
Training Epoch: 4
    Batch: 100000 || Loss 'Supervised_PINNS': 0.0105094658
Loss 'Supervised_PINNS': 0.00301818945
Current Time: 16:33:04

-----------------------------------------------------------------------------
Validation Epoch 4
Loss 'Supervised_PINNS': 0.00392158749
Metric ['MSE', 'RSE', 'RAE', 'RAE_target_0', 'RAE_target_1', 'RAE_target_2', 'RE_RealGasEq', 'RE_CpEq']:
 [0.00465061655 0.0368782245 0.0733124688 0.0652137622 0.123767652 0.0309559759 0.00102576334 0.000985179446]
Current Time: 16:33:08

-----------------------------------------------------------------------------
Training Epoch: 5
    Batch: 100000 || Loss 'Supervised_PINNS': 0.00217492739
Loss 'Supervised_PINNS': 0.00287775486
Current Time: 16:52:03

-----------------------------------------------------------------------------
Validation Epoch 5
Loss 'Supervised_PINNS': 0.00420640549
Metric ['MSE', 'RSE', 'RAE', 'RAE_target_0', 'RAE_target_1', 'RAE_target_2', 'RE_RealGasEq', 'RE_CpEq']:
 [0.00495646521 0.0400057621 0.0766869262 0.0683769435 0.129862726 0.0318211243 0.00118304044 0.00122929015]
Current Time: 16:52:08

-----------------------------------------------------------------------------
Training Epoch: 6
    Batch: 100000 || Loss 'Supervised_PINNS': 0.00198846287
Loss 'Supervised_PINNS': 0.00279877591
Current Time: 17:11:04

-----------------------------------------------------------------------------
Validation Epoch 6
Loss 'Supervised_PINNS': 0.00417850539
Metric ['MSE', 'RSE', 'RAE', 'RAE_target_0', 'RAE_target_1', 'RAE_target_2', 'RE_RealGasEq', 'RE_CpEq']:
 [0.00491566071 0.0395114683 0.0765802562 0.0687629655 0.128825217 0.0321525857 0.00163643889 0.000823328]
Current Time: 17:11:09

-----------------------------------------------------------------------------
Training Epoch: 7
    Batch: 100000 || Loss 'Supervised_PINNS': 0.000701820827
Loss 'Supervised_PINNS': 0.0027572515
Current Time: 17:30:11

-----------------------------------------------------------------------------
Validation Epoch 7
Loss 'Supervised_PINNS': 0.00397567358
Metric ['MSE', 'RSE', 'RAE', 'RAE_target_0', 'RAE_target_1', 'RAE_target_2', 'RE_RealGasEq', 'RE_CpEq']:
 [0.00481544 0.0379375033 0.0750393048 0.0678448528 0.125927702 0.03134536 0.000627909438 0.000605305308]
Current Time: 17:30:17

-----------------------------------------------------------------------------
Training Epoch: 8
    Batch: 100000 || Loss 'Supervised_PINNS': 0.00267938757
Loss 'Supervised_PINNS': 0.00273056491
Current Time: 17:49:28

-----------------------------------------------------------------------------
Validation Epoch 8
Loss 'Supervised_PINNS': 0.00391381653
Metric ['MSE', 'RSE', 'RAE', 'RAE_target_0', 'RAE_target_1', 'RAE_target_2', 'RE_RealGasEq', 'RE_CpEq']:
 [0.0047476152 0.0336850472 0.0739676729 0.0670607835 0.123423338 0.0314188972 0.000602496322 0.000554743281]
Current Time: 17:49:34

-----------------------------------------------------------------------------
Training Epoch: 9
    Batch: 100000 || Loss 'Supervised_PINNS': 0.000917307509
Loss 'Supervised_PINNS': 0.0027127848
Current Time: 18:08:36

-----------------------------------------------------------------------------
Validation Epoch 9
Loss 'Supervised_PINNS': 0.00388408708
Metric ['MSE', 'RSE', 'RAE', 'RAE_target_0', 'RAE_target_1', 'RAE_target_2', 'RE_RealGasEq', 'RE_CpEq']:
 [0.00472372165 0.0350667424 0.0738341138 0.066966787 0.123417422 0.0311181173 0.000593533 0.000457566552]
Current Time: 18:08:40

-----------------------------------------------------------------------------
Training Epoch: 10
    Batch: 100000 || Loss 'Supervised_PINNS': 0.000912114
Loss 'Supervised_PINNS': 0.00270270044
Current Time: 18:27:47

-----------------------------------------------------------------------------
Validation Epoch 10
Loss 'Supervised_PINNS': 0.00389730209
Metric ['MSE', 'RSE', 'RAE', 'RAE_target_0', 'RAE_target_1', 'RAE_target_2', 'RE_RealGasEq', 'RE_CpEq']:
 [0.0047568 0.0358842351 0.0743202344 0.0670469627 0.124745771 0.0311679989 0.000492048159 0.000426568266]
Current Time: 18:27:53

-----------------------------------------------------------------------------
Training Epoch: 11
    Batch: 100000 || Loss 'Supervised_PINNS': 0.00126046885
Loss 'Supervised_PINNS': 0.00269474532
Current Time: 18:46:40

-----------------------------------------------------------------------------
Validation Epoch 11
Loss 'Supervised_PINNS': 0.00398814166
Metric ['MSE', 'RSE', 'RAE', 'RAE_target_0', 'RAE_target_1', 'RAE_target_2', 'RE_RealGasEq', 'RE_CpEq']:
 [0.00486220326 0.0396605097 0.075226672 0.0672431886 0.127314225 0.0311226267 0.000512341969 0.000471448177]
Current Time: 18:46:44

-----------------------------------------------------------------------------
Training Epoch: 12
slurmstepd: error: *** JOB 6513607 ON p9r1n04 CANCELLED AT 2023-01-09T18:49:10 ***
